Using pre-set license
Built from '2020.3/release' branch; Version is '2020.3.1f1 (77a89f25062f) revision 7841951'; Using compiler version '192528614'; Build Type 'Release'
OS: 'Windows 10 Home Single Language; OS build 19041.928; Version 2004; 64bit' Language: 'es' Physical Memory: 15789 MB
BatchMode: 1, IsHumanControllingUs: 0, StartBugReporterOnCrash: 0, Is64bit: 1, IsPro: 0

 COMMAND LINE ARGUMENTS:
C:\Program Files\Unity\Hub\Editor\2020.3.1f1\Editor\Unity.exe
-adb2
-batchMode
-noUpm
-name
AssetImportWorker0
-projectPath
D:/Desarrollos/Unity/Flappy Bird - Clone
-logFile
Logs/AssetImportWorker0.log
-srvPort
63812
Successfully changed project path to: D:/Desarrollos/Unity/Flappy Bird - Clone
D:/Desarrollos/Unity/Flappy Bird - Clone
Using Asset Import Pipeline V2.
Refreshing native plugins compatible for Editor in 43.28 ms, found 0 plugins.
Preloading 0 native plugins for Editor in 0.00 ms.
Initialize engine version: 2020.3.1f1 (77a89f25062f)
[Subsystems] Discovering subsystems at path C:/Program Files/Unity/Hub/Editor/2020.3.1f1/Editor/Data/Resources/UnitySubsystems
[Subsystems] Discovering subsystems at path D:/Desarrollos/Unity/Flappy Bird - Clone/Assets
GfxDevice: creating device client; threaded=0
Direct3D:
    Version:  Direct3D 11.0 [level 11.1]
    Renderer: NVIDIA GeForce GTX 1660 Ti (ID=0x2191)
    Vendor:   
    VRAM:     5991 MB
    Driver:   27.21.14.6192
Initialize mono
Mono path[0] = 'C:/Program Files/Unity/Hub/Editor/2020.3.1f1/Editor/Data/Managed'
Mono path[1] = 'C:/Program Files/Unity/Hub/Editor/2020.3.1f1/Editor/Data/MonoBleedingEdge/lib/mono/unityjit'
Mono config path = 'C:/Program Files/Unity/Hub/Editor/2020.3.1f1/Editor/Data/MonoBleedingEdge/etc'
Using monoOptions --debugger-agent=transport=dt_socket,embedding=1,server=y,suspend=n,address=127.0.0.1:56620
Begin MonoManager ReloadAssembly
Registering precompiled unity dll's ...
Register platform support module: C:/Program Files/Unity/Hub/Editor/2020.3.1f1/Editor/Data/PlaybackEngines/WebGLSupport/UnityEditor.WebGL.Extensions.dll
Register platform support module: C:/Program Files/Unity/Hub/Editor/2020.3.1f1/Editor/Data/PlaybackEngines/WindowsStandaloneSupport/UnityEditor.WindowsStandalone.Extensions.dll
Registered in 0.002270 seconds.
Native extension for WindowsStandalone target not found
Native extension for WebGL target not found
Refreshing native plugins compatible for Editor in 45.42 ms, found 0 plugins.
Preloading 0 native plugins for Editor in 0.00 ms.
Invoked RoslynAnalysisRunner static constructor.
RoslynAnalysisRunner will not be running.
RoslynAnalysisRunner has terminated.
Mono: successfully reloaded assembly
- Completed reload, in  1.670 seconds
Platform modules already initialized, skipping
Registering precompiled user dll's ...
Registered in 0.000905 seconds.
Begin MonoManager ReloadAssembly
Native extension for WindowsStandalone target not found
Native extension for WebGL target not found
Refreshing native plugins compatible for Editor in 0.54 ms, found 0 plugins.
Preloading 0 native plugins for Editor in 0.00 ms.
Invoked RoslynAnalysisRunner static constructor.
RoslynAnalysisRunner will not be running.
RoslynAnalysisRunner has terminated.
Mono: successfully reloaded assembly
- Completed reload, in  0.711 seconds
Platform modules already initialized, skipping
========================================================================
Worker process is ready to serve import requests
Launched and connected shader compiler UnityShaderCompiler.exe after 0.04 seconds
Refreshing native plugins compatible for Editor in 0.51 ms, found 0 plugins.
Preloading 0 native plugins for Editor in 0.00 ms.
Unloading 1139 Unused Serialized files (Serialized files now loaded: 0)
System memory in use before: 60.8 MB.
System memory in use after: 60.8 MB.

Unloading 10 unused Assets to reduce memory usage. Loaded Objects now: 1582.
Total: 1.705400 ms (FindLiveObjects: 0.240900 ms CreateObjectMapping: 0.031600 ms MarkObjects: 1.339900 ms  DeleteObjects: 0.091300 ms)

========================================================================
Received Import Request.
  path: Assets/Scripts
  artifactKey: Guid(02e54cae9d21df94eb6a966d0648c41d) Importer(815301076,1909f56bfc062723c751e8b465ee728b)
Start importing Assets/Scripts using Guid(02e54cae9d21df94eb6a966d0648c41d) Importer(815301076,1909f56bfc062723c751e8b465ee728b)  -> (artifact id: 'eea390666f1d0bc4f512b4a845b799c5') in 0.138564 seconds
  Import took 0.141652 seconds .

========================================================================
Received Import Request.
  Time since last request: 3.085220 seconds.
  path: Assets/Prefabs
  artifactKey: Guid(ed9349416a62c1144b3a0095f33d2c13) Importer(815301076,1909f56bfc062723c751e8b465ee728b)
Start importing Assets/Prefabs using Guid(ed9349416a62c1144b3a0095f33d2c13) Importer(815301076,1909f56bfc062723c751e8b465ee728b)  -> (artifact id: 'da9f8353f64243c373e4889b724bfb20') in 0.123324 seconds
  Import took 0.126294 seconds .

========================================================================
Received Import Request.
  Time since last request: 7.362172 seconds.
  path: Assets/UI Assets
  artifactKey: Guid(9d5a30fdacf340540ab37bbf7713c768) Importer(815301076,1909f56bfc062723c751e8b465ee728b)
Start importing Assets/UI Assets using Guid(9d5a30fdacf340540ab37bbf7713c768) Importer(815301076,1909f56bfc062723c751e8b465ee728b)  -> (artifact id: '54a12bad808fa8b53c67fcc485811fea') in 0.112189 seconds
  Import took 0.125186 seconds .

========================================================================
Received Import Request.
  Time since last request: 12.327673 seconds.
  path: Assets/Animations
  artifactKey: Guid(0a52ff6de09e1fe4daca219590777ce4) Importer(815301076,1909f56bfc062723c751e8b465ee728b)
Start importing Assets/Animations using Guid(0a52ff6de09e1fe4daca219590777ce4) Importer(815301076,1909f56bfc062723c751e8b465ee728b)  -> (artifact id: '3436fef14d868c4ec30e31e8a73084ef') in 0.159177 seconds
  Import took 0.162646 seconds .

========================================================================
Received Import Request.
  Time since last request: 5.223899 seconds.
  path: Assets/Audios
  artifactKey: Guid(bcf5aef683d9385448ce1b29b58aac79) Importer(815301076,1909f56bfc062723c751e8b465ee728b)
Start importing Assets/Audios using Guid(bcf5aef683d9385448ce1b29b58aac79) Importer(815301076,1909f56bfc062723c751e8b465ee728b)  -> (artifact id: '57ca30fa49bd78ed4fdbfd4e3b135b0a') in 0.150452 seconds
  Import took 0.153216 seconds .

========================================================================
Received Import Request.
  Time since last request: 79.843029 seconds.
  path: Assets/Audios/bensound-epic.mp3
  artifactKey: Guid(1a9a6be24745266448c48bc4ef7d8d4b) Importer(815301076,1909f56bfc062723c751e8b465ee728b)
Start importing Assets/Audios/bensound-epic.mp3 using Guid(1a9a6be24745266448c48bc4ef7d8d4b) Importer(815301076,1909f56bfc062723c751e8b465ee728b)  -> (artifact id: '877ede010564909cfb56033577363c8b') in 0.244412 seconds
  Import took 0.246830 seconds .

========================================================================
Received Import Request.
  Time since last request: 0.000860 seconds.
  path: Assets/Audios/bensound-evolution.mp3
  artifactKey: Guid(1b72d12c1eaec90499a19bf4449f4ff0) Importer(815301076,1909f56bfc062723c751e8b465ee728b)
Start importing Assets/Audios/bensound-evolution.mp3 using Guid(1b72d12c1eaec90499a19bf4449f4ff0) Importer(815301076,1909f56bfc062723c751e8b465ee728b)  -> (artifact id: 'e1a1c3f3d4388fcdd5eab0deaab9511a') in 0.207356 seconds
  Import took 0.210599 seconds .

========================================================================
Received Import Request.
  Time since last request: 17.639215 seconds.
  path: Assets/Scripts/New Folder
  artifactKey: Guid(3dc4cf9946ac52147879bdadd1859e12) Importer(815301076,1909f56bfc062723c751e8b465ee728b)
Start importing Assets/Scripts/New Folder using Guid(3dc4cf9946ac52147879bdadd1859e12) Importer(815301076,1909f56bfc062723c751e8b465ee728b)  -> (artifact id: '5ed558e583df15239cc9ec49640cd322') in 0.157849 seconds
  Import took 0.161010 seconds .

========================================================================
Received Import Request.
  Time since last request: 26.867968 seconds.
  path: Assets/Scripts/PlayerController.cs
  artifactKey: Guid(ae451f56410786c44aa77e26fdd82c4b) Importer(815301076,1909f56bfc062723c751e8b465ee728b)
Start importing Assets/Scripts/PlayerController.cs using Guid(ae451f56410786c44aa77e26fdd82c4b) Importer(815301076,1909f56bfc062723c751e8b465ee728b)  -> (artifact id: '66ab42d78724076d26d8d954ae70b5ad') in 0.228852 seconds
  Import took 0.231485 seconds .

========================================================================
Received Import Request.
  Time since last request: 18.922379 seconds.
  path: Assets/Scripts/PlayerController.cs
  artifactKey: Guid(ae451f56410786c44aa77e26fdd82c4b) Importer(815301076,1909f56bfc062723c751e8b465ee728b)
Start importing Assets/Scripts/PlayerController.cs using Guid(ae451f56410786c44aa77e26fdd82c4b) Importer(815301076,1909f56bfc062723c751e8b465ee728b)  -> (artifact id: 'f79d9253bfc9e49e12d7f8630e4c3021') in 0.097294 seconds
  Import took 0.099876 seconds .

========================================================================
Received Prepare
Registering precompiled user dll's ...
Registered in 0.001141 seconds.
Begin MonoManager ReloadAssembly
Native extension for WindowsStandalone target not found
Native extension for WebGL target not found
Refreshing native plugins compatible for Editor in 0.60 ms, found 0 plugins.
Preloading 0 native plugins for Editor in 0.00 ms.
Invoked RoslynAnalysisRunner static constructor.
RoslynAnalysisRunner will not be running.
RoslynAnalysisRunner has terminated.
Mono: successfully reloaded assembly
- Completed reload, in  0.780 seconds
Platform modules already initialized, skipping
Refreshing native plugins compatible for Editor in 0.63 ms, found 0 plugins.
Preloading 0 native plugins for Editor in 0.00 ms.
Unloading 1130 Unused Serialized files (Serialized files now loaded: 0)
System memory in use before: 63.5 MB.
System memory in use after: 63.6 MB.

Unloading 5 unused Assets to reduce memory usage. Loaded Objects now: 1595.
Total: 2.355000 ms (FindLiveObjects: 0.256700 ms CreateObjectMapping: 0.051400 ms MarkObjects: 1.943600 ms  DeleteObjects: 0.101000 ms)

========================================================================
Received Import Request.
  Time since last request: 3203.621692 seconds.
  path: Assets/Externa_lAssets/Bitgem
  artifactKey: Guid(197e2471ddb6f8349b12a01b144dcdb0) Importer(815301076,1909f56bfc062723c751e8b465ee728b)
Start importing Assets/Externa_lAssets/Bitgem using Guid(197e2471ddb6f8349b12a01b144dcdb0) Importer(815301076,1909f56bfc062723c751e8b465ee728b)  -> (artifact id: 'db6f8d691f51b41bc5ff8f939e48442a') in 3.053467 seconds
  Import took 3.057394 seconds .

========================================================================
Received Import Request.
  Time since last request: 0.000341 seconds.
  path: Assets/Externa_lAssets/Bitgem/Cube_World
  artifactKey: Guid(26ad93a7932c8364fb6983a02304d5ea) Importer(815301076,1909f56bfc062723c751e8b465ee728b)
Start importing Assets/Externa_lAssets/Bitgem/Cube_World using Guid(26ad93a7932c8364fb6983a02304d5ea) Importer(815301076,1909f56bfc062723c751e8b465ee728b)  -> (artifact id: '7fed98f6ba108fbc8a67ca62eb6f5e9b') in 0.096152 seconds
  Import took 0.117478 seconds .

========================================================================
Received Import Request.
  Time since last request: 1.638782 seconds.
  path: Assets/Externa_lAssets/Bitgem/Cube_World/Lava
  artifactKey: Guid(82910bab7c02c491c900448692349c79) Importer(815301076,1909f56bfc062723c751e8b465ee728b)
Start importing Assets/Externa_lAssets/Bitgem/Cube_World/Lava using Guid(82910bab7c02c491c900448692349c79) Importer(815301076,1909f56bfc062723c751e8b465ee728b)  -> (artifact id: '72d0b511240273127742172b39681689') in 0.172521 seconds
  Import took 0.188372 seconds .

========================================================================
Received Import Request.
  Time since last request: 0.347164 seconds.
  path: Assets/Externa_lAssets/Bitgem/Cube_World/Ground
  artifactKey: Guid(5733287828a334ce2bb80e79f3623c9a) Importer(815301076,1909f56bfc062723c751e8b465ee728b)
Start importing Assets/Externa_lAssets/Bitgem/Cube_World/Ground using Guid(5733287828a334ce2bb80e79f3623c9a) Importer(815301076,1909f56bfc062723c751e8b465ee728b)  -> (artifact id: 'e18d23171972cfdba0b9448d54e63553') in 0.126325 seconds
  Import took 0.129166 seconds .

========================================================================
Received Import Request.
  Time since last request: 13.614593 seconds.
  path: Assets/Externa_lAssets/Bitgem/Cube_World/Doors
  artifactKey: Guid(1fdadd365f79f4a1294351c34534ee68) Importer(815301076,1909f56bfc062723c751e8b465ee728b)
Start importing Assets/Externa_lAssets/Bitgem/Cube_World/Doors using Guid(1fdadd365f79f4a1294351c34534ee68) Importer(815301076,1909f56bfc062723c751e8b465ee728b)  -> (artifact id: '352bea671775b591e59316bfd1aa5b2a') in 0.149444 seconds
  Import took 0.155255 seconds .

========================================================================
Received Import Request.
  Time since last request: 0.332647 seconds.
  path: Assets/Externa_lAssets/Bitgem/Cube_World/Dirt
  artifactKey: Guid(2e6d17ccc9b30421b87869c0172fa397) Importer(815301076,1909f56bfc062723c751e8b465ee728b)
Start importing Assets/Externa_lAssets/Bitgem/Cube_World/Dirt using Guid(2e6d17ccc9b30421b87869c0172fa397) Importer(815301076,1909f56bfc062723c751e8b465ee728b)  -> (artifact id: '84f0054f341ffcbb3ca35db90f865b41') in 0.138628 seconds
  Import took 0.141427 seconds .

========================================================================
Received Import Request.
  Time since last request: 0.297806 seconds.
  path: Assets/Externa_lAssets/Bitgem/Cube_World/Clouds
  artifactKey: Guid(8d31668983e2a43879572e85283575c3) Importer(815301076,1909f56bfc062723c751e8b465ee728b)
Start importing Assets/Externa_lAssets/Bitgem/Cube_World/Clouds using Guid(8d31668983e2a43879572e85283575c3) Importer(815301076,1909f56bfc062723c751e8b465ee728b)  -> (artifact id: 'c5fdab04b68706abd219567cf770390e') in 0.143095 seconds
  Import took 0.160348 seconds .

========================================================================
Received Import Request.
  Time since last request: 1.023816 seconds.
  path: Assets/Externa_lAssets/Bitgem/Cube_World/Christmas
  artifactKey: Guid(0cd3f19b523c94302b028c89b5c26490) Importer(815301076,1909f56bfc062723c751e8b465ee728b)
Start importing Assets/Externa_lAssets/Bitgem/Cube_World/Christmas using Guid(0cd3f19b523c94302b028c89b5c26490) Importer(815301076,1909f56bfc062723c751e8b465ee728b)  -> (artifact id: '3c395c5381403e47c3bda9ffbe8f2fc0') in 0.137071 seconds
  Import took 0.154990 seconds .

========================================================================
Received Import Request.
  Time since last request: 1.231452 seconds.
  path: Assets/Externa_lAssets/Bitgem/Cube_World/Cannon
  artifactKey: Guid(a99de76c6499943e99c73c22c2448474) Importer(815301076,1909f56bfc062723c751e8b465ee728b)
Start importing Assets/Externa_lAssets/Bitgem/Cube_World/Cannon using Guid(a99de76c6499943e99c73c22c2448474) Importer(815301076,1909f56bfc062723c751e8b465ee728b)  -> (artifact id: '53b60095e974ccd963a5053563a6a6a0') in 0.139556 seconds
  Import took 0.170332 seconds .

========================================================================
Received Import Request.
  Time since last request: 11.130185 seconds.
  path: Assets/Externa_lAssets/Bitgem/Cube_World/Ground/Prefabs
  artifactKey: Guid(e0bc566496aa744b7b066d12e1f5ba72) Importer(815301076,1909f56bfc062723c751e8b465ee728b)
Start importing Assets/Externa_lAssets/Bitgem/Cube_World/Ground/Prefabs using Guid(e0bc566496aa744b7b066d12e1f5ba72) Importer(815301076,1909f56bfc062723c751e8b465ee728b)  -> (artifact id: 'd08edd42dcf8125969e17fdf80427563') in 0.138351 seconds
  Import took 0.140706 seconds .

========================================================================
Received Import Request.
  Time since last request: 0.000423 seconds.
  path: Assets/Externa_lAssets/Bitgem/Cube_World/Ground/Prefabs/ground_cube.prefab
  artifactKey: Guid(c980d1f27dc965a44af9a3652477671c) Importer(815301076,1909f56bfc062723c751e8b465ee728b)
Start importing Assets/Externa_lAssets/Bitgem/Cube_World/Ground/Prefabs/ground_cube.prefab using Guid(c980d1f27dc965a44af9a3652477671c) Importer(815301076,1909f56bfc062723c751e8b465ee728b)  -> (artifact id: '79a9a9be2ef13a31f93b169038da2784') in 0.920128 seconds
  Import took 0.938776 seconds .

========================================================================
Received Import Request.
  Time since last request: 0.000420 seconds.
  path: Assets/Externa_lAssets/Bitgem/Cube_World/Ground/Prefabs/grass_deco_2.prefab
  artifactKey: Guid(31060757561fbca4aa04ce09707be53c) Importer(815301076,1909f56bfc062723c751e8b465ee728b)
Start importing Assets/Externa_lAssets/Bitgem/Cube_World/Ground/Prefabs/grass_deco_2.prefab using Guid(31060757561fbca4aa04ce09707be53c) Importer(815301076,1909f56bfc062723c751e8b465ee728b)  -> (artifact id: '099775ba8e442861f2f27e005b455ed4') in 0.177164 seconds
  Import took 0.195686 seconds .

========================================================================
Received Import Request.
  Time since last request: 0.000414 seconds.
  path: Assets/Externa_lAssets/Bitgem/Cube_World/Ground/Prefabs/ground_cube_grass.prefab
  artifactKey: Guid(98dd8e405a3f26848b63e1b78dfb7c5b) Importer(815301076,1909f56bfc062723c751e8b465ee728b)
Start importing Assets/Externa_lAssets/Bitgem/Cube_World/Ground/Prefabs/ground_cube_grass.prefab using Guid(98dd8e405a3f26848b63e1b78dfb7c5b) Importer(815301076,1909f56bfc062723c751e8b465ee728b)  -> (artifact id: 'c9053bda6bb3e49d66fddbbed488083f') in 0.206505 seconds
  Import took 0.221261 seconds .

========================================================================
Received Import Request.
  Time since last request: 0.000445 seconds.
  path: Assets/Externa_lAssets/Bitgem/Cube_World/Ground/Prefabs/grass_deco_1.prefab
  artifactKey: Guid(5d233c9f818e1c44bba611ba09afecde) Importer(815301076,1909f56bfc062723c751e8b465ee728b)
Start importing Assets/Externa_lAssets/Bitgem/Cube_World/Ground/Prefabs/grass_deco_1.prefab using Guid(5d233c9f818e1c44bba611ba09afecde) Importer(815301076,1909f56bfc062723c751e8b465ee728b)  -> (artifact id: 'b40f2e5acc46801e6fa55a179e3fa22c') in 0.138781 seconds
  Import took 0.173816 seconds .

========================================================================
Received Import Request.
  Time since last request: 0.000415 seconds.
  path: Assets/Externa_lAssets/Bitgem/Cube_World/Ground/Prefabs/grass_deco_3.prefab
  artifactKey: Guid(e6fa533d6b78ebd4583a2825108c02cb) Importer(815301076,1909f56bfc062723c751e8b465ee728b)
Start importing Assets/Externa_lAssets/Bitgem/Cube_World/Ground/Prefabs/grass_deco_3.prefab using Guid(e6fa533d6b78ebd4583a2825108c02cb) Importer(815301076,1909f56bfc062723c751e8b465ee728b)  -> (artifact id: '3fc56e28a60ab17fead062c1921275e7') in 0.166221 seconds
  Import took 0.168923 seconds .

========================================================================
Received Import Request.
  Time since last request: 111.399792 seconds.
  path: Assets/Prefabs/Ground_Cube.prefab
  artifactKey: Guid(866f140dcdda7d9479c7c4c8b347c3f0) Importer(815301076,1909f56bfc062723c751e8b465ee728b)
Start importing Assets/Prefabs/Ground_Cube.prefab using Guid(866f140dcdda7d9479c7c4c8b347c3f0) Importer(815301076,1909f56bfc062723c751e8b465ee728b)  -> (artifact id: '1a48ee3267de1bd6f752b2c75efbb805') in 0.175025 seconds
  Import took 0.197362 seconds .

========================================================================
Received Import Request.
  Time since last request: 8.035099 seconds.
  path: Assets/Prefabs/Ground_Cube.prefab
  artifactKey: Guid(866f140dcdda7d9479c7c4c8b347c3f0) Importer(815301076,1909f56bfc062723c751e8b465ee728b)
Start importing Assets/Prefabs/Ground_Cube.prefab using Guid(866f140dcdda7d9479c7c4c8b347c3f0) Importer(815301076,1909f56bfc062723c751e8b465ee728b)  -> (artifact id: '851f958daf4a2616b665acb6bcd38dc5') in 0.119965 seconds
  Import took 0.123023 seconds .

========================================================================
Received Import Request.
  Time since last request: 0.936714 seconds.
  path: Assets/Prefabs/Ground_Cube.prefab
  artifactKey: Guid(866f140dcdda7d9479c7c4c8b347c3f0) Importer(815301076,1909f56bfc062723c751e8b465ee728b)
Start importing Assets/Prefabs/Ground_Cube.prefab using Guid(866f140dcdda7d9479c7c4c8b347c3f0) Importer(815301076,1909f56bfc062723c751e8b465ee728b)  -> (artifact id: 'f200556302e6382b971eb0c6f101ed68') in 0.171619 seconds
  Import took 0.210546 seconds .

========================================================================
Received Import Request.
  Time since last request: 2.575951 seconds.
  path: Assets/Prefabs/Ground_Cube.prefab
  artifactKey: Guid(866f140dcdda7d9479c7c4c8b347c3f0) Importer(815301076,1909f56bfc062723c751e8b465ee728b)
Start importing Assets/Prefabs/Ground_Cube.prefab using Guid(866f140dcdda7d9479c7c4c8b347c3f0) Importer(815301076,1909f56bfc062723c751e8b465ee728b)  -> (artifact id: 'cc82aa65529f96d7b037a35f35b7e5da') in 0.207319 seconds
  Import took 0.253329 seconds .

========================================================================
Received Import Request.
  Time since last request: 0.653955 seconds.
  path: Assets/Prefabs/Ground_Cube.prefab
  artifactKey: Guid(866f140dcdda7d9479c7c4c8b347c3f0) Importer(815301076,1909f56bfc062723c751e8b465ee728b)
Start importing Assets/Prefabs/Ground_Cube.prefab using Guid(866f140dcdda7d9479c7c4c8b347c3f0) Importer(815301076,1909f56bfc062723c751e8b465ee728b)  -> (artifact id: '5a5c07b9b3ffd83649a9f14dabe25976') in 0.477240 seconds
  Import took 0.481099 seconds .

========================================================================
Received Import Request.
  Time since last request: 0.685925 seconds.
  path: Assets/Prefabs/Ground_Cube.prefab
  artifactKey: Guid(866f140dcdda7d9479c7c4c8b347c3f0) Importer(815301076,1909f56bfc062723c751e8b465ee728b)
Start importing Assets/Prefabs/Ground_Cube.prefab using Guid(866f140dcdda7d9479c7c4c8b347c3f0) Importer(815301076,1909f56bfc062723c751e8b465ee728b)  -> (artifact id: '3bc17e85a8905d5b4ab9e45e7b31e499') in 1.210205 seconds
  Import took 1.213342 seconds .

========================================================================
Received Import Request.
  Time since last request: 0.670917 seconds.
  path: Assets/Prefabs/Ground_Cube.prefab
  artifactKey: Guid(866f140dcdda7d9479c7c4c8b347c3f0) Importer(815301076,1909f56bfc062723c751e8b465ee728b)
Start importing Assets/Prefabs/Ground_Cube.prefab using Guid(866f140dcdda7d9479c7c4c8b347c3f0) Importer(815301076,1909f56bfc062723c751e8b465ee728b)  -> (artifact id: '6e4aa4d365e4916bed813a247cff8dbb') in 0.803993 seconds
  Import took 0.868729 seconds .

========================================================================
Received Import Request.
  Time since last request: 1.061613 seconds.
  path: Assets/Prefabs/Ground_Cube.prefab
  artifactKey: Guid(866f140dcdda7d9479c7c4c8b347c3f0) Importer(815301076,1909f56bfc062723c751e8b465ee728b)
Start importing Assets/Prefabs/Ground_Cube.prefab using Guid(866f140dcdda7d9479c7c4c8b347c3f0) Importer(815301076,1909f56bfc062723c751e8b465ee728b)  -> (artifact id: '8873950ae63a42af215a5308748f8f1a') in 0.339705 seconds
  Import took 0.343313 seconds .

========================================================================
Received Import Request.
  Time since last request: 0.547409 seconds.
  path: Assets/Prefabs/Ground_Cube.prefab
  artifactKey: Guid(866f140dcdda7d9479c7c4c8b347c3f0) Importer(815301076,1909f56bfc062723c751e8b465ee728b)
Start importing Assets/Prefabs/Ground_Cube.prefab using Guid(866f140dcdda7d9479c7c4c8b347c3f0) Importer(815301076,1909f56bfc062723c751e8b465ee728b)  -> (artifact id: '80207126e4f7cdb7ef181404ddbc2bd2') in 1.127195 seconds
  Import took 1.130256 seconds .

========================================================================
Received Import Request.
  Time since last request: 1.054367 seconds.
  path: Assets/Prefabs/Ground_Cube.prefab
  artifactKey: Guid(866f140dcdda7d9479c7c4c8b347c3f0) Importer(815301076,1909f56bfc062723c751e8b465ee728b)
Start importing Assets/Prefabs/Ground_Cube.prefab using Guid(866f140dcdda7d9479c7c4c8b347c3f0) Importer(815301076,1909f56bfc062723c751e8b465ee728b)  -> (artifact id: 'df4dc80f258ca84ab7882128be71982f') in 0.652938 seconds
  Import took 0.655983 seconds .

========================================================================
Received Import Request.
  Time since last request: 1.437485 seconds.
  path: Assets/Prefabs/Ground_Cube.prefab
  artifactKey: Guid(866f140dcdda7d9479c7c4c8b347c3f0) Importer(815301076,1909f56bfc062723c751e8b465ee728b)
Start importing Assets/Prefabs/Ground_Cube.prefab using Guid(866f140dcdda7d9479c7c4c8b347c3f0) Importer(815301076,1909f56bfc062723c751e8b465ee728b)  -> (artifact id: '0b4c7fc4887f7330a7bb48ec925c0b9c') in 0.226368 seconds
  Import took 0.259281 seconds .

========================================================================
Received Import Request.
  Time since last request: 191.944402 seconds.
  path: Assets/Externa_lAssets/RPG Monster Wave Polyart
  artifactKey: Guid(c228b6f49c49005429a03beb7126d4f1) Importer(815301076,1909f56bfc062723c751e8b465ee728b)
Start importing Assets/Externa_lAssets/RPG Monster Wave Polyart using Guid(c228b6f49c49005429a03beb7126d4f1) Importer(815301076,1909f56bfc062723c751e8b465ee728b)  -> (artifact id: '75586705b2887ee6ca6c4a8b5cf1fedc') in 0.490541 seconds
  Import took 0.494360 seconds .

========================================================================
Received Import Request.
  Time since last request: 3.457414 seconds.
  path: Assets/Externa_lAssets/ModularRPGHeroesPolyArt
  artifactKey: Guid(4ba158437da3047459f67ade7cd1dc24) Importer(815301076,1909f56bfc062723c751e8b465ee728b)
Start importing Assets/Externa_lAssets/ModularRPGHeroesPolyArt using Guid(4ba158437da3047459f67ade7cd1dc24) Importer(815301076,1909f56bfc062723c751e8b465ee728b)  -> (artifact id: '3d0f17af494c8ac1dc1c2a8ba137ff69') in 0.127001 seconds
  Import took 0.147638 seconds .

========================================================================
Received Prepare
Registering precompiled user dll's ...
Registered in 0.000980 seconds.
Begin MonoManager ReloadAssembly
Native extension for WindowsStandalone target not found
Native extension for WebGL target not found
Refreshing native plugins compatible for Editor in 0.49 ms, found 0 plugins.
Preloading 0 native plugins for Editor in 0.00 ms.
Invoked RoslynAnalysisRunner static constructor.
RoslynAnalysisRunner will not be running.
RoslynAnalysisRunner has terminated.
Mono: successfully reloaded assembly
- Completed reload, in  0.663 seconds
Platform modules already initialized, skipping
Refreshing native plugins compatible for Editor in 0.49 ms, found 0 plugins.
Preloading 0 native plugins for Editor in 0.00 ms.
Unloading 1124 Unused Serialized files (Serialized files now loaded: 0)
System memory in use before: 63.8 MB.
System memory in use after: 63.9 MB.

Unloading 11 unused Assets to reduce memory usage. Loaded Objects now: 1594.
Total: 1.925300 ms (FindLiveObjects: 0.275400 ms CreateObjectMapping: 0.061300 ms MarkObjects: 1.509600 ms  DeleteObjects: 0.077500 ms)

========================================================================
Received Import Request.
  Time since last request: 18.717989 seconds.
  path: Assets/Externa_lAssets/RPG Monster Wave Polyart/Prefabs
  artifactKey: Guid(6930d1f6634655547954566e89304020) Importer(815301076,1909f56bfc062723c751e8b465ee728b)
Start importing Assets/Externa_lAssets/RPG Monster Wave Polyart/Prefabs using Guid(6930d1f6634655547954566e89304020) Importer(815301076,1909f56bfc062723c751e8b465ee728b)  -> (artifact id: '22d4e5c44a558cc49e7405298541a7bf') in 0.126962 seconds
  Import took 0.130330 seconds .

========================================================================
Received Import Request.
  Time since last request: 1.579865 seconds.
  path: Assets/Externa_lAssets/RPG Monster Wave Polyart/Prefabs/PolyartDefault
  artifactKey: Guid(30e7b3d490e256f459e11a018cd4a1a1) Importer(815301076,1909f56bfc062723c751e8b465ee728b)
Start importing Assets/Externa_lAssets/RPG Monster Wave Polyart/Prefabs/PolyartDefault using Guid(30e7b3d490e256f459e11a018cd4a1a1) Importer(815301076,1909f56bfc062723c751e8b465ee728b)  -> (artifact id: '2164047c0dacf043ff5dea2c7fed6de8') in 0.150763 seconds
  Import took 0.181070 seconds .

========================================================================
Received Import Request.
  Time since last request: 0.000481 seconds.
  path: Assets/Externa_lAssets/RPG Monster Wave Polyart/Prefabs/PolyartDefault/Bat.prefab
  artifactKey: Guid(2e4ab17be462ca346983757421a25d62) Importer(815301076,1909f56bfc062723c751e8b465ee728b)
Start importing Assets/Externa_lAssets/RPG Monster Wave Polyart/Prefabs/PolyartDefault/Bat.prefab using Guid(2e4ab17be462ca346983757421a25d62) Importer(815301076,1909f56bfc062723c751e8b465ee728b)  -> (artifact id: '572e2d882639141e2a49653811ae5c30') in 0.569725 seconds
  Import took 0.573537 seconds .

========================================================================
Received Import Request.
  Time since last request: 0.000369 seconds.
  path: Assets/Externa_lAssets/RPG Monster Wave Polyart/Prefabs/PolyartDefault/Slime.prefab
  artifactKey: Guid(088f4e1cc85df8b4497a1a291d108317) Importer(815301076,1909f56bfc062723c751e8b465ee728b)
Start importing Assets/Externa_lAssets/RPG Monster Wave Polyart/Prefabs/PolyartDefault/Slime.prefab using Guid(088f4e1cc85df8b4497a1a291d108317) Importer(815301076,1909f56bfc062723c751e8b465ee728b)  -> (artifact id: 'a682483af4912b4ee6cc9ecf97e24c6e') in 0.261611 seconds
  Import took 0.265400 seconds .

========================================================================
Received Import Request.
  Time since last request: 0.000366 seconds.
  path: Assets/Externa_lAssets/RPG Monster Wave Polyart/Prefabs/PolyartDefault/Orc.prefab
  artifactKey: Guid(b603af86ac880d246a16780f2c468564) Importer(815301076,1909f56bfc062723c751e8b465ee728b)
Start importing Assets/Externa_lAssets/RPG Monster Wave Polyart/Prefabs/PolyartDefault/Orc.prefab using Guid(b603af86ac880d246a16780f2c468564) Importer(815301076,1909f56bfc062723c751e8b465ee728b)  -> (artifact id: '78180f7b8083850ee007660d55ebc38a') in 0.496360 seconds
  Import took 0.500184 seconds .

========================================================================
Received Import Request.
  Time since last request: 0.000376 seconds.
  path: Assets/Externa_lAssets/RPG Monster Wave Polyart/Prefabs/PolyartDefault/MonsterPlant.prefab
  artifactKey: Guid(30443ab5b6a78ea4899ca1d13e2e8e76) Importer(815301076,1909f56bfc062723c751e8b465ee728b)
Start importing Assets/Externa_lAssets/RPG Monster Wave Polyart/Prefabs/PolyartDefault/MonsterPlant.prefab using Guid(30443ab5b6a78ea4899ca1d13e2e8e76) Importer(815301076,1909f56bfc062723c751e8b465ee728b)  -> (artifact id: '9e100f2e706d66967a235a36d63b0b78') in 0.539922 seconds
  Import took 0.571197 seconds .

========================================================================
Received Import Request.
  Time since last request: 0.000318 seconds.
  path: Assets/Externa_lAssets/RPG Monster Wave Polyart/Prefabs/PolyartDefault/TurtleShell.prefab
  artifactKey: Guid(ae2b11c016c0767429e281e057eda079) Importer(815301076,1909f56bfc062723c751e8b465ee728b)
Start importing Assets/Externa_lAssets/RPG Monster Wave Polyart/Prefabs/PolyartDefault/TurtleShell.prefab using Guid(ae2b11c016c0767429e281e057eda079) Importer(815301076,1909f56bfc062723c751e8b465ee728b)  -> (artifact id: '40915ac09ae9f9504f66f9baee4c5fc7') in 0.246158 seconds
  Import took 0.250013 seconds .

========================================================================
Received Import Request.
  Time since last request: 0.000356 seconds.
  path: Assets/Externa_lAssets/RPG Monster Wave Polyart/Prefabs/PolyartDefault/Spider.prefab
  artifactKey: Guid(dcda32f024ad4be4fac00e3568966e56) Importer(815301076,1909f56bfc062723c751e8b465ee728b)
Start importing Assets/Externa_lAssets/RPG Monster Wave Polyart/Prefabs/PolyartDefault/Spider.prefab using Guid(dcda32f024ad4be4fac00e3568966e56) Importer(815301076,1909f56bfc062723c751e8b465ee728b)  -> (artifact id: '68040639ae95bf78737c4d354e23da3a') in 0.462055 seconds
  Import took 0.465685 seconds .

========================================================================
Received Import Request.
  Time since last request: 0.000312 seconds.
  path: Assets/Externa_lAssets/RPG Monster Wave Polyart/Prefabs/PolyartDefault/Dragon.prefab
  artifactKey: Guid(a6a7306b6e22e6c4fb178b6e77ca24d3) Importer(815301076,1909f56bfc062723c751e8b465ee728b)
Start importing Assets/Externa_lAssets/RPG Monster Wave Polyart/Prefabs/PolyartDefault/Dragon.prefab using Guid(a6a7306b6e22e6c4fb178b6e77ca24d3) Importer(815301076,1909f56bfc062723c751e8b465ee728b)  -> (artifact id: 'cddaa846b53561bc9a33e17f74c23c52') in 0.485113 seconds
  Import took 0.501627 seconds .

========================================================================
Received Import Request.
  Time since last request: 0.000391 seconds.
  path: Assets/Externa_lAssets/RPG Monster Wave Polyart/Prefabs/PolyartMaskTint/TurtleShellMaskTint.prefab
  artifactKey: Guid(1c83c2db0efa5244199a5b921cc663c0) Importer(815301076,1909f56bfc062723c751e8b465ee728b)
Start importing Assets/Externa_lAssets/RPG Monster Wave Polyart/Prefabs/PolyartMaskTint/TurtleShellMaskTint.prefab using Guid(1c83c2db0efa5244199a5b921cc663c0) Importer(815301076,1909f56bfc062723c751e8b465ee728b)  -> (artifact id: '0324aa87c90ab1616615a321d8c69ef4') in 0.593683 seconds
  Import took 0.597150 seconds .

========================================================================
Received Import Request.
  Time since last request: 0.000370 seconds.
  path: Assets/Externa_lAssets/RPG Monster Wave Polyart/Prefabs/PolyartMaskTint/GolemMaskTint.prefab
  artifactKey: Guid(50c82efd170b0154da32b606a7deee63) Importer(815301076,1909f56bfc062723c751e8b465ee728b)
Start importing Assets/Externa_lAssets/RPG Monster Wave Polyart/Prefabs/PolyartMaskTint/GolemMaskTint.prefab using Guid(50c82efd170b0154da32b606a7deee63) Importer(815301076,1909f56bfc062723c751e8b465ee728b)  -> (artifact id: 'cd8ed2d9f73086ccffcfa3e94ebe375e') in 0.529352 seconds
  Import took 0.533895 seconds .

========================================================================
Received Import Request.
  Time since last request: 0.000328 seconds.
  path: Assets/Externa_lAssets/RPG Monster Wave Polyart/Prefabs/PolyartMaskTint/SlimeMaskTint.prefab
  artifactKey: Guid(b8234fb24ad058442b85391987d48735) Importer(815301076,1909f56bfc062723c751e8b465ee728b)
Start importing Assets/Externa_lAssets/RPG Monster Wave Polyart/Prefabs/PolyartMaskTint/SlimeMaskTint.prefab using Guid(b8234fb24ad058442b85391987d48735) Importer(815301076,1909f56bfc062723c751e8b465ee728b)  -> (artifact id: '01b3897b9d81ae772baad74c435db9a0') in 0.161872 seconds
  Import took 0.165907 seconds .

========================================================================
Received Import Request.
  Time since last request: 0.000304 seconds.
  path: Assets/Externa_lAssets/RPG Monster Wave Polyart/Prefabs/PolyartMaskTint/BatMaskTint.prefab
  artifactKey: Guid(2e916c02e40b5a74cabdbf99d3893190) Importer(815301076,1909f56bfc062723c751e8b465ee728b)
Start importing Assets/Externa_lAssets/RPG Monster Wave Polyart/Prefabs/PolyartMaskTint/BatMaskTint.prefab using Guid(2e916c02e40b5a74cabdbf99d3893190) Importer(815301076,1909f56bfc062723c751e8b465ee728b)  -> (artifact id: 'a28eef9b04e6ef4735f95584e55f9a79') in 0.184341 seconds
  Import took 0.187598 seconds .

========================================================================
Received Import Request.
  Time since last request: 0.000371 seconds.
  path: Assets/Externa_lAssets/RPG Monster Wave Polyart/Prefabs/PolyartMaskTint/EvilMageMaskTint.prefab
  artifactKey: Guid(e2141564cfb34a2478c914d2d9b029bc) Importer(815301076,1909f56bfc062723c751e8b465ee728b)
Start importing Assets/Externa_lAssets/RPG Monster Wave Polyart/Prefabs/PolyartMaskTint/EvilMageMaskTint.prefab using Guid(e2141564cfb34a2478c914d2d9b029bc) Importer(815301076,1909f56bfc062723c751e8b465ee728b)  -> (artifact id: '1e84238eb9dfa0c02c45fafe24c08f57') in 0.484889 seconds
  Import took 0.488409 seconds .

========================================================================
Received Import Request.
  Time since last request: 0.000300 seconds.
  path: Assets/Externa_lAssets/RPG Monster Wave Polyart/Prefabs/PolyartMaskTint/DragonMaskTint.prefab
  artifactKey: Guid(1727faad0b4d6e94092864ea10425d3f) Importer(815301076,1909f56bfc062723c751e8b465ee728b)
Start importing Assets/Externa_lAssets/RPG Monster Wave Polyart/Prefabs/PolyartMaskTint/DragonMaskTint.prefab using Guid(1727faad0b4d6e94092864ea10425d3f) Importer(815301076,1909f56bfc062723c751e8b465ee728b)  -> (artifact id: 'f42d5ebdcc434c91fab45d02344cd8d9') in 0.173972 seconds
  Import took 0.178504 seconds .

========================================================================
Received Import Request.
  Time since last request: 0.000461 seconds.
  path: Assets/Externa_lAssets/RPG Monster Wave Polyart/Prefabs/PolyartMaskTint/MonsterPlantMaskTint.prefab
  artifactKey: Guid(49a7d3f3222a1044c989df21bb9db610) Importer(815301076,1909f56bfc062723c751e8b465ee728b)
Start importing Assets/Externa_lAssets/RPG Monster Wave Polyart/Prefabs/PolyartMaskTint/MonsterPlantMaskTint.prefab using Guid(49a7d3f3222a1044c989df21bb9db610) Importer(815301076,1909f56bfc062723c751e8b465ee728b)  -> (artifact id: 'd2048fbd5eab3da2f547a76e5d530d6c') in 0.183951 seconds
  Import took 0.200308 seconds .

========================================================================
Received Import Request.
  Time since last request: 0.000374 seconds.
  path: Assets/Externa_lAssets/RPG Monster Wave Polyart/Prefabs/PolyartMaskTint/OrcMaskTint.prefab
  artifactKey: Guid(11d9f2192c3e54847ad2e21e34453cd1) Importer(815301076,1909f56bfc062723c751e8b465ee728b)
Start importing Assets/Externa_lAssets/RPG Monster Wave Polyart/Prefabs/PolyartMaskTint/OrcMaskTint.prefab using Guid(11d9f2192c3e54847ad2e21e34453cd1) Importer(815301076,1909f56bfc062723c751e8b465ee728b)  -> (artifact id: 'e9a03d311c5c7adf49def934b9762a6c') in 0.182682 seconds
  Import took 0.186952 seconds .

========================================================================
Received Import Request.
  Time since last request: 0.000424 seconds.
  path: Assets/Externa_lAssets/RPG Monster Wave Polyart/Prefabs/PolyartMaskTint/SkeletonMaskTint.prefab
  artifactKey: Guid(7dc613ee4e0c75b4ea8f2d2c508d7439) Importer(815301076,1909f56bfc062723c751e8b465ee728b)
Start importing Assets/Externa_lAssets/RPG Monster Wave Polyart/Prefabs/PolyartMaskTint/SkeletonMaskTint.prefab using Guid(7dc613ee4e0c75b4ea8f2d2c508d7439) Importer(815301076,1909f56bfc062723c751e8b465ee728b)  -> (artifact id: 'ab0dfe4cd69e90354a645dbc5f6f9adf') in 0.572970 seconds
  Import took 0.589567 seconds .

========================================================================
Received Import Request.
  Time since last request: 0.000330 seconds.
  path: Assets/Externa_lAssets/RPG Monster Wave Polyart/Prefabs/PolyartDefault/Skeleton.prefab
  artifactKey: Guid(cb598c38dddcdda49a7c3b18e90f08b0) Importer(815301076,1909f56bfc062723c751e8b465ee728b)
Start importing Assets/Externa_lAssets/RPG Monster Wave Polyart/Prefabs/PolyartDefault/Skeleton.prefab using Guid(cb598c38dddcdda49a7c3b18e90f08b0) Importer(815301076,1909f56bfc062723c751e8b465ee728b)  -> (artifact id: '588d2efec17f78e68bd8d8b00a17820c') in 0.193944 seconds
  Import took 0.198477 seconds .

========================================================================
Received Import Request.
  Time since last request: 0.000400 seconds.
  path: Assets/Externa_lAssets/RPG Monster Wave Polyart/Prefabs/PolyartDefault/EvilMage.prefab
  artifactKey: Guid(c96ba90c5361e27459e32a2ee29da85d) Importer(815301076,1909f56bfc062723c751e8b465ee728b)
Start importing Assets/Externa_lAssets/RPG Monster Wave Polyart/Prefabs/PolyartDefault/EvilMage.prefab using Guid(c96ba90c5361e27459e32a2ee29da85d) Importer(815301076,1909f56bfc062723c751e8b465ee728b)  -> (artifact id: '9a6203ae40f7ae7a9c6b78ea867190f0') in 0.172178 seconds
  Import took 0.177171 seconds .

========================================================================
Received Import Request.
  Time since last request: 0.000376 seconds.
  path: Assets/Externa_lAssets/RPG Monster Wave Polyart/Prefabs/PolyartDefault/Golem.prefab
  artifactKey: Guid(642da47e7eb2d1d46b95a788e3632619) Importer(815301076,1909f56bfc062723c751e8b465ee728b)
Start importing Assets/Externa_lAssets/RPG Monster Wave Polyart/Prefabs/PolyartDefault/Golem.prefab using Guid(642da47e7eb2d1d46b95a788e3632619) Importer(815301076,1909f56bfc062723c751e8b465ee728b)  -> (artifact id: '6f7e9df89bc96046e71977ad2812f325') in 0.172825 seconds
  Import took 0.176897 seconds .

========================================================================
Received Import Request.
  Time since last request: 0.000369 seconds.
  path: Assets/Externa_lAssets/RPG Monster Wave Polyart/Prefabs/PolyartMaskTint
  artifactKey: Guid(d9c5492a0642bcb428ae6a72672ef9b7) Importer(815301076,1909f56bfc062723c751e8b465ee728b)
Start importing Assets/Externa_lAssets/RPG Monster Wave Polyart/Prefabs/PolyartMaskTint using Guid(d9c5492a0642bcb428ae6a72672ef9b7) Importer(815301076,1909f56bfc062723c751e8b465ee728b)  -> (artifact id: '9df02214aa1a7adf8462f32822321bda') in 0.150905 seconds
  Import took 0.153621 seconds .

========================================================================
Received Import Request.
  Time since last request: 93.965166 seconds.
  path: Assets/Externa_lAssets/RPG Monster Wave Polyart/Animators/Dragon.controller
  artifactKey: Guid(073ac4118dc142d42890ceaf70decc2b) Importer(815301076,1909f56bfc062723c751e8b465ee728b)
Start importing Assets/Externa_lAssets/RPG Monster Wave Polyart/Animators/Dragon.controller using Guid(073ac4118dc142d42890ceaf70decc2b) Importer(815301076,1909f56bfc062723c751e8b465ee728b)  -> (artifact id: '2a19a9031850c080939fc3ffe131578e') in 0.132300 seconds
  Import took 0.172404 seconds .

========================================================================
Received Prepare
Registering precompiled user dll's ...
Registered in 0.000883 seconds.
Begin MonoManager ReloadAssembly
Native extension for WindowsStandalone target not found
Native extension for WebGL target not found
Refreshing native plugins compatible for Editor in 0.51 ms, found 0 plugins.
Preloading 0 native plugins for Editor in 0.00 ms.
Invoked RoslynAnalysisRunner static constructor.
RoslynAnalysisRunner will not be running.
RoslynAnalysisRunner has terminated.
Mono: successfully reloaded assembly
- Completed reload, in  0.660 seconds
Platform modules already initialized, skipping
Refreshing native plugins compatible for Editor in 0.48 ms, found 0 plugins.
Preloading 0 native plugins for Editor in 0.00 ms.
Unloading 1124 Unused Serialized files (Serialized files now loaded: 0)
System memory in use before: 78.2 MB.
System memory in use after: 78.3 MB.

Unloading 5 unused Assets to reduce memory usage. Loaded Objects now: 1599.
Total: 2.417500 ms (FindLiveObjects: 0.238500 ms CreateObjectMapping: 0.073800 ms MarkObjects: 2.041000 ms  DeleteObjects: 0.062800 ms)

========================================================================
Received Import Request.
  Time since last request: 12.781320 seconds.
  path: Assets/Externa_lAssets/RPG Monster Wave Polyart/Animators/Dragon 1.controller
  artifactKey: Guid(f8ac62d79908c1d458f74621bcfba0f3) Importer(815301076,1909f56bfc062723c751e8b465ee728b)
Start importing Assets/Externa_lAssets/RPG Monster Wave Polyart/Animators/Dragon 1.controller using Guid(f8ac62d79908c1d458f74621bcfba0f3) Importer(815301076,1909f56bfc062723c751e8b465ee728b)  -> (artifact id: '3c9cb280d431f8b33eb73a515db53b9a') in 0.144827 seconds
  Import took 0.148977 seconds .

========================================================================
Received Import Request.
  Time since last request: 3.909753 seconds.
  path: Assets/Externa_lAssets/RPG Monster Wave Polyart/Animators/Player.controller
  artifactKey: Guid(f8ac62d79908c1d458f74621bcfba0f3) Importer(815301076,1909f56bfc062723c751e8b465ee728b)
Start importing Assets/Externa_lAssets/RPG Monster Wave Polyart/Animators/Player.controller using Guid(f8ac62d79908c1d458f74621bcfba0f3) Importer(815301076,1909f56bfc062723c751e8b465ee728b)  -> (artifact id: 'de56f3aaeb7aeb5601f378068556dca1') in 0.119710 seconds
  Import took 0.123763 seconds .

========================================================================
Received Import Request.
  Time since last request: 133.355422 seconds.
  path: Assets/Externa_lAssets/RPG Monster Wave Polyart/Animations/Dragon/Attack01_Dragon_Anim.fbx
  artifactKey: Guid(b2ce18c46ad55a649bb23878cb7df788) Importer(815301076,1909f56bfc062723c751e8b465ee728b)
Start importing Assets/Externa_lAssets/RPG Monster Wave Polyart/Animations/Dragon/Attack01_Dragon_Anim.fbx using Guid(b2ce18c46ad55a649bb23878cb7df788) Importer(815301076,1909f56bfc062723c751e8b465ee728b)  -> (artifact id: 'fbe33cb179f6ac049a6948d3d447b695') in 0.396925 seconds
  Import took 0.417612 seconds .

========================================================================
Received Import Request.
  Time since last request: 0.000436 seconds.
  path: Assets/Externa_lAssets/RPG Monster Wave Polyart/Animations/Dragon/FlyForward_Dragon_Anim.fbx
  artifactKey: Guid(26ddf4a492fb358499bb2e3b1a66a237) Importer(815301076,1909f56bfc062723c751e8b465ee728b)
Start importing Assets/Externa_lAssets/RPG Monster Wave Polyart/Animations/Dragon/FlyForward_Dragon_Anim.fbx using Guid(26ddf4a492fb358499bb2e3b1a66a237) Importer(815301076,1909f56bfc062723c751e8b465ee728b)  -> (artifact id: '255a4fdd21ec496048db35320caa70e5') in 0.212650 seconds
  Import took 0.251127 seconds .

========================================================================
Received Import Request.
  Time since last request: 0.000368 seconds.
  path: Assets/Externa_lAssets/RPG Monster Wave Polyart/Animations/Dragon/FlyRight_Dragon_Anim.fbx
  artifactKey: Guid(b733c08f530c3cd4ebc4f97371f62e3b) Importer(815301076,1909f56bfc062723c751e8b465ee728b)
Start importing Assets/Externa_lAssets/RPG Monster Wave Polyart/Animations/Dragon/FlyRight_Dragon_Anim.fbx using Guid(b733c08f530c3cd4ebc4f97371f62e3b) Importer(815301076,1909f56bfc062723c751e8b465ee728b)  -> (artifact id: '22ee3cf9a7a800de5a135d3d8c3aac68') in 0.205046 seconds
  Import took 0.207851 seconds .

========================================================================
Received Import Request.
  Time since last request: 0.000320 seconds.
  path: Assets/Externa_lAssets/RPG Monster Wave Polyart/Animations/Dragon/Dizzy_Dragon_Anim.fbx
  artifactKey: Guid(28b2f68586a30a64c8a23620a2058128) Importer(815301076,1909f56bfc062723c751e8b465ee728b)
Start importing Assets/Externa_lAssets/RPG Monster Wave Polyart/Animations/Dragon/Dizzy_Dragon_Anim.fbx using Guid(28b2f68586a30a64c8a23620a2058128) Importer(815301076,1909f56bfc062723c751e8b465ee728b)  -> (artifact id: '26355a7f69fe86b292cc7d9a51d6cedb') in 0.218496 seconds
  Import took 0.221956 seconds .

========================================================================
Received Import Request.
  Time since last request: 0.000378 seconds.
  path: Assets/Externa_lAssets/RPG Monster Wave Polyart/Animations/Dragon/GetHit_Dragon_Anim.fbx
  artifactKey: Guid(00f745576dedfab45ac4fe5f0249d677) Importer(815301076,1909f56bfc062723c751e8b465ee728b)
Start importing Assets/Externa_lAssets/RPG Monster Wave Polyart/Animations/Dragon/GetHit_Dragon_Anim.fbx using Guid(00f745576dedfab45ac4fe5f0249d677) Importer(815301076,1909f56bfc062723c751e8b465ee728b)  -> (artifact id: 'c4cc1de124ab70bdd49d8986908e8cda') in 0.173944 seconds
  Import took 0.177065 seconds .

========================================================================
Received Import Request.
  Time since last request: 0.000308 seconds.
  path: Assets/Externa_lAssets/RPG Monster Wave Polyart/Animations/Dragon/Die_Dragon_Anim.fbx
  artifactKey: Guid(7a1757c32fec69643811291ee8094352) Importer(815301076,1909f56bfc062723c751e8b465ee728b)
Start importing Assets/Externa_lAssets/RPG Monster Wave Polyart/Animations/Dragon/Die_Dragon_Anim.fbx using Guid(7a1757c32fec69643811291ee8094352) Importer(815301076,1909f56bfc062723c751e8b465ee728b)  -> (artifact id: '28ba58d961ab7dcd324c1d4d45e19027') in 0.197076 seconds
  Import took 0.200051 seconds .

========================================================================
Received Import Request.
  Time since last request: 0.000366 seconds.
  path: Assets/Externa_lAssets/RPG Monster Wave Polyart/Animations/Dragon/FlyLeft_Dragon_Anim.fbx
  artifactKey: Guid(077a53fca853f704182e7f2bf4b1068c) Importer(815301076,1909f56bfc062723c751e8b465ee728b)
Start importing Assets/Externa_lAssets/RPG Monster Wave Polyart/Animations/Dragon/FlyLeft_Dragon_Anim.fbx using Guid(077a53fca853f704182e7f2bf4b1068c) Importer(815301076,1909f56bfc062723c751e8b465ee728b)  -> (artifact id: 'a35d2ebf444235111b8939815c1ead4b') in 0.196098 seconds
  Import took 0.198684 seconds .

========================================================================
Received Import Request.
  Time since last request: 0.000421 seconds.
  path: Assets/Externa_lAssets/RPG Monster Wave Polyart/Animations/Dragon/IdleBattle_Dragon_Anim.fbx
  artifactKey: Guid(a822140f6667b8a44ad5fa370695494b) Importer(815301076,1909f56bfc062723c751e8b465ee728b)
Start importing Assets/Externa_lAssets/RPG Monster Wave Polyart/Animations/Dragon/IdleBattle_Dragon_Anim.fbx using Guid(a822140f6667b8a44ad5fa370695494b) Importer(815301076,1909f56bfc062723c751e8b465ee728b)  -> (artifact id: '216567e2a5cc2e6e930dc59bbee0c7ec') in 0.196953 seconds
  Import took 0.200197 seconds .

========================================================================
Received Import Request.
  Time since last request: 0.000351 seconds.
  path: Assets/Externa_lAssets/RPG Monster Wave Polyart/Animations/Dragon/SenseSomethingRPT_Dragon_Anim.fbx
  artifactKey: Guid(8732fd7dcc0239f4c99031de98e519c2) Importer(815301076,1909f56bfc062723c751e8b465ee728b)
Start importing Assets/Externa_lAssets/RPG Monster Wave Polyart/Animations/Dragon/SenseSomethingRPT_Dragon_Anim.fbx using Guid(8732fd7dcc0239f4c99031de98e519c2) Importer(815301076,1909f56bfc062723c751e8b465ee728b)  -> (artifact id: '1b3355bf6651b4c0bb4c18d56ed2c63d') in 0.251447 seconds
  Import took 0.254526 seconds .

========================================================================
Received Import Request.
  Time since last request: 0.000481 seconds.
  path: Assets/Externa_lAssets/RPG Monster Wave Polyart/Animations/Dragon/Taunting_Dragon_Anim.fbx
  artifactKey: Guid(0a576f31a3fa2af448894ee35eb46819) Importer(815301076,1909f56bfc062723c751e8b465ee728b)
Start importing Assets/Externa_lAssets/RPG Monster Wave Polyart/Animations/Dragon/Taunting_Dragon_Anim.fbx using Guid(0a576f31a3fa2af448894ee35eb46819) Importer(815301076,1909f56bfc062723c751e8b465ee728b)  -> (artifact id: 'efdb88eebbd3a71ca7b7fbd567121784') in 0.251559 seconds
  Import took 0.254733 seconds .

========================================================================
Received Import Request.
  Time since last request: 0.000423 seconds.
  path: Assets/Externa_lAssets/RPG Monster Wave Polyart/Animations/Dragon/SenseSomethingST_Dragon_Anim.fbx
  artifactKey: Guid(19243f8b37eb3374b9f3e7bee48b7b51) Importer(815301076,1909f56bfc062723c751e8b465ee728b)
Start importing Assets/Externa_lAssets/RPG Monster Wave Polyart/Animations/Dragon/SenseSomethingST_Dragon_Anim.fbx using Guid(19243f8b37eb3374b9f3e7bee48b7b51) Importer(815301076,1909f56bfc062723c751e8b465ee728b)  -> (artifact id: '711b908a8a5ab2ad434a3cfa5b73b69b') in 0.251984 seconds
  Import took 0.296881 seconds .

========================================================================
Received Import Request.
  Time since last request: 0.000361 seconds.
  path: Assets/Externa_lAssets/RPG Monster Wave Polyart/Animations/Dragon/Attack02_Dragon_Anim.fbx
  artifactKey: Guid(36d296f65eb62d44badfe6185563c2aa) Importer(815301076,1909f56bfc062723c751e8b465ee728b)
Start importing Assets/Externa_lAssets/RPG Monster Wave Polyart/Animations/Dragon/Attack02_Dragon_Anim.fbx using Guid(36d296f65eb62d44badfe6185563c2aa) Importer(815301076,1909f56bfc062723c751e8b465ee728b)  -> (artifact id: '28120756e7c44b297e4dcd307ca02306') in 0.188219 seconds
  Import took 0.190810 seconds .

========================================================================
Received Import Request.
  Time since last request: 0.000365 seconds.
  path: Assets/Externa_lAssets/RPG Monster Wave Polyart/Animations/Dragon/Victory_Dragon_Anim.fbx
  artifactKey: Guid(26f72bb412a9bd8479befa26a73f1fe8) Importer(815301076,1909f56bfc062723c751e8b465ee728b)
Start importing Assets/Externa_lAssets/RPG Monster Wave Polyart/Animations/Dragon/Victory_Dragon_Anim.fbx using Guid(26f72bb412a9bd8479befa26a73f1fe8) Importer(815301076,1909f56bfc062723c751e8b465ee728b)  -> (artifact id: 'a8eb5cfdc53ba56ceab0f0739354bbd0') in 0.207730 seconds
  Import took 0.226789 seconds .

========================================================================
Received Import Request.
  Time since last request: 0.000365 seconds.
  path: Assets/Externa_lAssets/RPG Monster Wave Polyart/Animations/Dragon/FlyBackward_Dragon_Anim.fbx
  artifactKey: Guid(55a401ef4e01e4b40b09e208e1b8cfbf) Importer(815301076,1909f56bfc062723c751e8b465ee728b)
Start importing Assets/Externa_lAssets/RPG Monster Wave Polyart/Animations/Dragon/FlyBackward_Dragon_Anim.fbx using Guid(55a401ef4e01e4b40b09e208e1b8cfbf) Importer(815301076,1909f56bfc062723c751e8b465ee728b)  -> (artifact id: '25b4640f32d06330bd7ce408b6565797') in 0.259040 seconds
  Import took 0.262468 seconds .

========================================================================
Received Import Request.
  Time since last request: 0.000355 seconds.
  path: Assets/Externa_lAssets/RPG Monster Wave Polyart/Animations/Dragon/IdleNormal_Dragon_Anim.fbx
  artifactKey: Guid(ae5597ea8ae8b7d48baaf44559537bd0) Importer(815301076,1909f56bfc062723c751e8b465ee728b)
Start importing Assets/Externa_lAssets/RPG Monster Wave Polyart/Animations/Dragon/IdleNormal_Dragon_Anim.fbx using Guid(ae5597ea8ae8b7d48baaf44559537bd0) Importer(815301076,1909f56bfc062723c751e8b465ee728b)  -> (artifact id: '499b6cdcaacfe63e11b5d3cfd0aa9d79') in 0.240163 seconds
  Import took 0.243183 seconds .

========================================================================
Received Prepare
Registering precompiled user dll's ...
Registered in 0.000991 seconds.
Begin MonoManager ReloadAssembly
Native extension for WindowsStandalone target not found
Native extension for WebGL target not found
Refreshing native plugins compatible for Editor in 0.51 ms, found 0 plugins.
Preloading 0 native plugins for Editor in 0.00 ms.
Invoked RoslynAnalysisRunner static constructor.
RoslynAnalysisRunner will not be running.
RoslynAnalysisRunner has terminated.
Mono: successfully reloaded assembly
- Completed reload, in  0.674 seconds
Platform modules already initialized, skipping
Refreshing native plugins compatible for Editor in 0.49 ms, found 0 plugins.
Preloading 0 native plugins for Editor in 0.00 ms.
Unloading 1124 Unused Serialized files (Serialized files now loaded: 0)
System memory in use before: 79.2 MB.
System memory in use after: 79.3 MB.

Unloading 6 unused Assets to reduce memory usage. Loaded Objects now: 1606.
Total: 2.579400 ms (FindLiveObjects: 0.378400 ms CreateObjectMapping: 0.073400 ms MarkObjects: 2.059500 ms  DeleteObjects: 0.066700 ms)

========================================================================
Received Prepare
Registering precompiled user dll's ...
Registered in 0.001038 seconds.
Begin MonoManager ReloadAssembly
Native extension for WindowsStandalone target not found
Native extension for WebGL target not found
Refreshing native plugins compatible for Editor in 0.65 ms, found 0 plugins.
Preloading 0 native plugins for Editor in 0.00 ms.
Invoked RoslynAnalysisRunner static constructor.
RoslynAnalysisRunner will not be running.
RoslynAnalysisRunner has terminated.
Mono: successfully reloaded assembly
- Completed reload, in  0.669 seconds
Platform modules already initialized, skipping
Refreshing native plugins compatible for Editor in 0.49 ms, found 0 plugins.
Preloading 0 native plugins for Editor in 0.00 ms.
Unloading 1124 Unused Serialized files (Serialized files now loaded: 0)
System memory in use before: 79.2 MB.
System memory in use after: 79.3 MB.

Unloading 5 unused Assets to reduce memory usage. Loaded Objects now: 1609.
Total: 2.154800 ms (FindLiveObjects: 0.414900 ms CreateObjectMapping: 0.072500 ms MarkObjects: 1.600700 ms  DeleteObjects: 0.064400 ms)

========================================================================
Received Prepare
Registering precompiled user dll's ...
Registered in 0.000942 seconds.
Begin MonoManager ReloadAssembly
Native extension for WindowsStandalone target not found
Native extension for WebGL target not found
Refreshing native plugins compatible for Editor in 0.51 ms, found 0 plugins.
Preloading 0 native plugins for Editor in 0.00 ms.
Invoked RoslynAnalysisRunner static constructor.
RoslynAnalysisRunner will not be running.
RoslynAnalysisRunner has terminated.
Mono: successfully reloaded assembly
- Completed reload, in  0.656 seconds
Platform modules already initialized, skipping
Refreshing native plugins compatible for Editor in 0.53 ms, found 0 plugins.
Preloading 0 native plugins for Editor in 0.00 ms.
Unloading 1124 Unused Serialized files (Serialized files now loaded: 0)
System memory in use before: 79.2 MB.
System memory in use after: 79.3 MB.

Unloading 5 unused Assets to reduce memory usage. Loaded Objects now: 1612.
Total: 2.370800 ms (FindLiveObjects: 0.469400 ms CreateObjectMapping: 0.061200 ms MarkObjects: 1.751500 ms  DeleteObjects: 0.084200 ms)

========================================================================
Received Prepare
Registering precompiled user dll's ...
Registered in 0.000950 seconds.
Begin MonoManager ReloadAssembly
Native extension for WindowsStandalone target not found
Native extension for WebGL target not found
Refreshing native plugins compatible for Editor in 0.53 ms, found 0 plugins.
Preloading 0 native plugins for Editor in 0.00 ms.
Invoked RoslynAnalysisRunner static constructor.
RoslynAnalysisRunner will not be running.
RoslynAnalysisRunner has terminated.
Mono: successfully reloaded assembly
- Completed reload, in  0.646 seconds
Platform modules already initialized, skipping
Refreshing native plugins compatible for Editor in 0.51 ms, found 0 plugins.
Preloading 0 native plugins for Editor in 0.00 ms.
Unloading 1124 Unused Serialized files (Serialized files now loaded: 0)
System memory in use before: 79.2 MB.
System memory in use after: 79.3 MB.

Unloading 5 unused Assets to reduce memory usage. Loaded Objects now: 1615.
Total: 1.699500 ms (FindLiveObjects: 0.203000 ms CreateObjectMapping: 0.031100 ms MarkObjects: 1.393600 ms  DeleteObjects: 0.070500 ms)

========================================================================
Received Prepare
Registering precompiled user dll's ...
Registered in 0.001012 seconds.
Begin MonoManager ReloadAssembly
Native extension for WindowsStandalone target not found
Native extension for WebGL target not found
Refreshing native plugins compatible for Editor in 0.52 ms, found 0 plugins.
Preloading 0 native plugins for Editor in 0.00 ms.
Invoked RoslynAnalysisRunner static constructor.
RoslynAnalysisRunner will not be running.
RoslynAnalysisRunner has terminated.
Mono: successfully reloaded assembly
- Completed reload, in  0.656 seconds
Platform modules already initialized, skipping
Refreshing native plugins compatible for Editor in 0.48 ms, found 0 plugins.
Preloading 0 native plugins for Editor in 0.00 ms.
Unloading 1124 Unused Serialized files (Serialized files now loaded: 0)
System memory in use before: 79.2 MB.
System memory in use after: 79.3 MB.

Unloading 5 unused Assets to reduce memory usage. Loaded Objects now: 1618.
Total: 2.281900 ms (FindLiveObjects: 0.490200 ms CreateObjectMapping: 0.096400 ms MarkObjects: 1.627400 ms  DeleteObjects: 0.065500 ms)

========================================================================
Received Prepare
Registering precompiled user dll's ...
Registered in 0.000877 seconds.
Begin MonoManager ReloadAssembly
Native extension for WindowsStandalone target not found
Native extension for WebGL target not found
Refreshing native plugins compatible for Editor in 0.52 ms, found 0 plugins.
Preloading 0 native plugins for Editor in 0.00 ms.
Invoked RoslynAnalysisRunner static constructor.
RoslynAnalysisRunner will not be running.
RoslynAnalysisRunner has terminated.
Mono: successfully reloaded assembly
- Completed reload, in  0.660 seconds
Platform modules already initialized, skipping
Refreshing native plugins compatible for Editor in 0.53 ms, found 0 plugins.
Preloading 0 native plugins for Editor in 0.00 ms.
Unloading 1124 Unused Serialized files (Serialized files now loaded: 0)
System memory in use before: 79.2 MB.
System memory in use after: 79.3 MB.

Unloading 5 unused Assets to reduce memory usage. Loaded Objects now: 1621.
Total: 2.353400 ms (FindLiveObjects: 0.352500 ms CreateObjectMapping: 0.078400 ms MarkObjects: 1.851900 ms  DeleteObjects: 0.068900 ms)

========================================================================
Received Prepare
Registering precompiled user dll's ...
Registered in 0.000865 seconds.
Begin MonoManager ReloadAssembly
Native extension for WindowsStandalone target not found
Native extension for WebGL target not found
Refreshing native plugins compatible for Editor in 0.57 ms, found 0 plugins.
Preloading 0 native plugins for Editor in 0.00 ms.
Invoked RoslynAnalysisRunner static constructor.
RoslynAnalysisRunner will not be running.
RoslynAnalysisRunner has terminated.
Mono: successfully reloaded assembly
- Completed reload, in  0.682 seconds
Platform modules already initialized, skipping
Refreshing native plugins compatible for Editor in 0.89 ms, found 0 plugins.
Preloading 0 native plugins for Editor in 0.00 ms.
Unloading 1124 Unused Serialized files (Serialized files now loaded: 0)
System memory in use before: 79.2 MB.
System memory in use after: 79.3 MB.

Unloading 5 unused Assets to reduce memory usage. Loaded Objects now: 1624.
Total: 2.145800 ms (FindLiveObjects: 0.198200 ms CreateObjectMapping: 0.051000 ms MarkObjects: 1.728900 ms  DeleteObjects: 0.165400 ms)

========================================================================
Received Prepare
Registering precompiled user dll's ...
Registered in 0.000872 seconds.
Begin MonoManager ReloadAssembly
Native extension for WindowsStandalone target not found
Native extension for WebGL target not found
Refreshing native plugins compatible for Editor in 0.52 ms, found 0 plugins.
Preloading 0 native plugins for Editor in 0.00 ms.
Invoked RoslynAnalysisRunner static constructor.
RoslynAnalysisRunner will not be running.
RoslynAnalysisRunner has terminated.
Mono: successfully reloaded assembly
- Completed reload, in  0.658 seconds
Platform modules already initialized, skipping
Refreshing native plugins compatible for Editor in 0.52 ms, found 0 plugins.
Preloading 0 native plugins for Editor in 0.00 ms.
Unloading 1124 Unused Serialized files (Serialized files now loaded: 0)
System memory in use before: 79.2 MB.
System memory in use after: 79.3 MB.

Unloading 5 unused Assets to reduce memory usage. Loaded Objects now: 1627.
Total: 2.364600 ms (FindLiveObjects: 0.160900 ms CreateObjectMapping: 0.029100 ms MarkObjects: 2.109500 ms  DeleteObjects: 0.063500 ms)

========================================================================
Received Prepare
Registering precompiled user dll's ...
Registered in 0.000929 seconds.
Begin MonoManager ReloadAssembly
Native extension for WindowsStandalone target not found
Native extension for WebGL target not found
Refreshing native plugins compatible for Editor in 0.51 ms, found 0 plugins.
Preloading 0 native plugins for Editor in 0.00 ms.
Invoked RoslynAnalysisRunner static constructor.
RoslynAnalysisRunner will not be running.
RoslynAnalysisRunner has terminated.
Mono: successfully reloaded assembly
- Completed reload, in  0.669 seconds
Platform modules already initialized, skipping
Refreshing native plugins compatible for Editor in 0.50 ms, found 0 plugins.
Preloading 0 native plugins for Editor in 0.00 ms.
Unloading 1124 Unused Serialized files (Serialized files now loaded: 0)
System memory in use before: 79.2 MB.
System memory in use after: 79.3 MB.

Unloading 5 unused Assets to reduce memory usage. Loaded Objects now: 1630.
Total: 2.559200 ms (FindLiveObjects: 0.274100 ms CreateObjectMapping: 0.034100 ms MarkObjects: 2.183500 ms  DeleteObjects: 0.066700 ms)

========================================================================
Received Prepare
Registering precompiled user dll's ...
Registered in 0.001045 seconds.
Begin MonoManager ReloadAssembly
Native extension for WindowsStandalone target not found
Native extension for WebGL target not found
Refreshing native plugins compatible for Editor in 0.51 ms, found 0 plugins.
Preloading 0 native plugins for Editor in 0.00 ms.
Invoked RoslynAnalysisRunner static constructor.
RoslynAnalysisRunner will not be running.
RoslynAnalysisRunner has terminated.
Mono: successfully reloaded assembly
- Completed reload, in  0.655 seconds
Platform modules already initialized, skipping
Refreshing native plugins compatible for Editor in 0.52 ms, found 0 plugins.
Preloading 0 native plugins for Editor in 0.00 ms.
Unloading 1124 Unused Serialized files (Serialized files now loaded: 0)
System memory in use before: 79.3 MB.
System memory in use after: 79.3 MB.

Unloading 5 unused Assets to reduce memory usage. Loaded Objects now: 1633.
Total: 2.076100 ms (FindLiveObjects: 0.167100 ms CreateObjectMapping: 0.028700 ms MarkObjects: 1.775400 ms  DeleteObjects: 0.103400 ms)

========================================================================
Received Prepare
Registering precompiled user dll's ...
Registered in 0.000995 seconds.
Begin MonoManager ReloadAssembly
Native extension for WindowsStandalone target not found
Native extension for WebGL target not found
Refreshing native plugins compatible for Editor in 0.49 ms, found 0 plugins.
Preloading 0 native plugins for Editor in 0.00 ms.
Invoked RoslynAnalysisRunner static constructor.
RoslynAnalysisRunner will not be running.
RoslynAnalysisRunner has terminated.
Mono: successfully reloaded assembly
- Completed reload, in  0.657 seconds
Platform modules already initialized, skipping
Refreshing native plugins compatible for Editor in 0.52 ms, found 0 plugins.
Preloading 0 native plugins for Editor in 0.00 ms.
Unloading 1124 Unused Serialized files (Serialized files now loaded: 0)
System memory in use before: 79.3 MB.
System memory in use after: 79.3 MB.

Unloading 5 unused Assets to reduce memory usage. Loaded Objects now: 1636.
Total: 2.252400 ms (FindLiveObjects: 0.393100 ms CreateObjectMapping: 0.070200 ms MarkObjects: 1.718400 ms  DeleteObjects: 0.067800 ms)

========================================================================
Received Prepare
Registering precompiled user dll's ...
Registered in 0.000923 seconds.
Begin MonoManager ReloadAssembly
Native extension for WindowsStandalone target not found
Native extension for WebGL target not found
Refreshing native plugins compatible for Editor in 0.50 ms, found 0 plugins.
Preloading 0 native plugins for Editor in 0.00 ms.
Invoked RoslynAnalysisRunner static constructor.
RoslynAnalysisRunner will not be running.
RoslynAnalysisRunner has terminated.
Mono: successfully reloaded assembly
- Completed reload, in  0.712 seconds
Platform modules already initialized, skipping
Refreshing native plugins compatible for Editor in 0.62 ms, found 0 plugins.
Preloading 0 native plugins for Editor in 0.00 ms.
Unloading 1124 Unused Serialized files (Serialized files now loaded: 0)
System memory in use before: 79.3 MB.
System memory in use after: 79.3 MB.

Unloading 5 unused Assets to reduce memory usage. Loaded Objects now: 1639.
Total: 2.417700 ms (FindLiveObjects: 0.234400 ms CreateObjectMapping: 0.056500 ms MarkObjects: 2.054100 ms  DeleteObjects: 0.071300 ms)

========================================================================
Received Prepare
Registering precompiled user dll's ...
Registered in 0.000888 seconds.
Begin MonoManager ReloadAssembly
Native extension for WindowsStandalone target not found
Native extension for WebGL target not found
Refreshing native plugins compatible for Editor in 0.79 ms, found 0 plugins.
Preloading 0 native plugins for Editor in 0.00 ms.
Invoked RoslynAnalysisRunner static constructor.
RoslynAnalysisRunner will not be running.
RoslynAnalysisRunner has terminated.
Mono: successfully reloaded assembly
- Completed reload, in  0.688 seconds
Platform modules already initialized, skipping
Refreshing native plugins compatible for Editor in 0.48 ms, found 0 plugins.
Preloading 0 native plugins for Editor in 0.00 ms.
Unloading 1124 Unused Serialized files (Serialized files now loaded: 0)
System memory in use before: 79.3 MB.
System memory in use after: 79.3 MB.

Unloading 5 unused Assets to reduce memory usage. Loaded Objects now: 1642.
Total: 2.198100 ms (FindLiveObjects: 0.541500 ms CreateObjectMapping: 0.206900 ms MarkObjects: 1.377300 ms  DeleteObjects: 0.070000 ms)

========================================================================
Received Prepare
Registering precompiled user dll's ...
Registered in 0.000922 seconds.
Begin MonoManager ReloadAssembly
Native extension for WindowsStandalone target not found
Native extension for WebGL target not found
Refreshing native plugins compatible for Editor in 0.52 ms, found 0 plugins.
Preloading 0 native plugins for Editor in 0.00 ms.
Invoked RoslynAnalysisRunner static constructor.
RoslynAnalysisRunner will not be running.
RoslynAnalysisRunner has terminated.
Mono: successfully reloaded assembly
- Completed reload, in  0.644 seconds
Platform modules already initialized, skipping
Refreshing native plugins compatible for Editor in 0.51 ms, found 0 plugins.
Preloading 0 native plugins for Editor in 0.00 ms.
Unloading 1178 Unused Serialized files (Serialized files now loaded: 0)
System memory in use before: 80.7 MB.
System memory in use after: 80.7 MB.

Unloading 7 unused Assets to reduce memory usage. Loaded Objects now: 1697.
Total: 2.226400 ms (FindLiveObjects: 0.516900 ms CreateObjectMapping: 0.056500 ms MarkObjects: 1.556700 ms  DeleteObjects: 0.094500 ms)

========================================================================
Received Prepare
Registering precompiled user dll's ...
Registered in 0.001020 seconds.
Begin MonoManager ReloadAssembly
Native extension for WindowsStandalone target not found
Native extension for WebGL target not found
Refreshing native plugins compatible for Editor in 0.52 ms, found 0 plugins.
Preloading 0 native plugins for Editor in 0.00 ms.
Invoked RoslynAnalysisRunner static constructor.
RoslynAnalysisRunner will not be running.
RoslynAnalysisRunner has terminated.
Mono: successfully reloaded assembly
- Completed reload, in  0.678 seconds
Platform modules already initialized, skipping
Refreshing native plugins compatible for Editor in 0.53 ms, found 0 plugins.
Preloading 0 native plugins for Editor in 0.00 ms.
Unloading 1188 Unused Serialized files (Serialized files now loaded: 0)
System memory in use before: 85.0 MB.
System memory in use after: 81.6 MB.

Unloading 16 unused Assets to reduce memory usage. Loaded Objects now: 1701.
Total: 4.361700 ms (FindLiveObjects: 0.276000 ms CreateObjectMapping: 0.073500 ms MarkObjects: 2.071100 ms  DeleteObjects: 1.938300 ms)

========================================================================
Received Prepare
Registering precompiled user dll's ...
Registered in 0.000944 seconds.
Begin MonoManager ReloadAssembly
Native extension for WindowsStandalone target not found
Native extension for WebGL target not found
Refreshing native plugins compatible for Editor in 0.51 ms, found 0 plugins.
Preloading 0 native plugins for Editor in 0.00 ms.
Invoked RoslynAnalysisRunner static constructor.
RoslynAnalysisRunner will not be running.
RoslynAnalysisRunner has terminated.
Mono: successfully reloaded assembly
- Completed reload, in  0.671 seconds
Platform modules already initialized, skipping
Refreshing native plugins compatible for Editor in 0.62 ms, found 0 plugins.
Preloading 0 native plugins for Editor in 0.00 ms.
Unloading 1188 Unused Serialized files (Serialized files now loaded: 0)
System memory in use before: 85.0 MB.
System memory in use after: 81.6 MB.

Unloading 16 unused Assets to reduce memory usage. Loaded Objects now: 1704.
Total: 4.571000 ms (FindLiveObjects: 0.309100 ms CreateObjectMapping: 0.073900 ms MarkObjects: 2.034900 ms  DeleteObjects: 2.151100 ms)

========================================================================
Received Import Request.
  Time since last request: 1688.260053 seconds.
  path: Assets/Externa_lAssets/VRWaterShader2/VRWaterShader(legacy)
  artifactKey: Guid(7d2d40756d370af49bdbd5997020ec22) Importer(815301076,1909f56bfc062723c751e8b465ee728b)
Start importing Assets/Externa_lAssets/VRWaterShader2/VRWaterShader(legacy) using Guid(7d2d40756d370af49bdbd5997020ec22) Importer(815301076,1909f56bfc062723c751e8b465ee728b)  -> (artifact id: 'bd4493717a315009c3a511909dc3bfee') in 0.078791 seconds
  Import took 0.082457 seconds .

========================================================================
Received Import Request.
  Time since last request: 0.349391 seconds.
  path: Assets/Externa_lAssets/VRWaterShader2/DemoScenes
  artifactKey: Guid(a7a999c7de6ef304dbf94d21be009ceb) Importer(815301076,1909f56bfc062723c751e8b465ee728b)
Start importing Assets/Externa_lAssets/VRWaterShader2/DemoScenes using Guid(a7a999c7de6ef304dbf94d21be009ceb) Importer(815301076,1909f56bfc062723c751e8b465ee728b)  -> (artifact id: '5143ec9c66944839329a45e06d662fc5') in 0.082348 seconds
  Import took 0.085639 seconds .

========================================================================
Received Import Request.
  Time since last request: 4.618784 seconds.
  path: Assets/Externa_lAssets/VRWaterShader2/VRWaterShader(legacy)/Models
  artifactKey: Guid(0d3239e6ea2ebb14daece6cb73bd4db6) Importer(815301076,1909f56bfc062723c751e8b465ee728b)
Start importing Assets/Externa_lAssets/VRWaterShader2/VRWaterShader(legacy)/Models using Guid(0d3239e6ea2ebb14daece6cb73bd4db6) Importer(815301076,1909f56bfc062723c751e8b465ee728b)  -> (artifact id: '8a1940e82dd02c3c05b31c63f2d1ed60') in 0.179125 seconds
  Import took 0.182275 seconds .

========================================================================
Received Import Request.
  Time since last request: 1.617717 seconds.
  path: Assets/Externa_lAssets/VRWaterShader2/VRWaterShader(legacy)/Prefabs
  artifactKey: Guid(95b11d38c9fb9334192d4b01c73a3715) Importer(815301076,1909f56bfc062723c751e8b465ee728b)
Start importing Assets/Externa_lAssets/VRWaterShader2/VRWaterShader(legacy)/Prefabs using Guid(95b11d38c9fb9334192d4b01c73a3715) Importer(815301076,1909f56bfc062723c751e8b465ee728b)  -> (artifact id: '73d1b24558902d22e528cad9e6d7836b') in 0.156132 seconds
  Import took 0.159479 seconds .

========================================================================
Received Import Request.
  Time since last request: 1.036103 seconds.
  path: Assets/Externa_lAssets/VRWaterShader2/VRWaterShader(legacy)/Prefabs/WaterLarge-Calm.prefab
  artifactKey: Guid(c3585d06d5d2103408c3aff35e3fa93c) Importer(815301076,1909f56bfc062723c751e8b465ee728b)
Start importing Assets/Externa_lAssets/VRWaterShader2/VRWaterShader(legacy)/Prefabs/WaterLarge-Calm.prefab using Guid(c3585d06d5d2103408c3aff35e3fa93c) Importer(815301076,1909f56bfc062723c751e8b465ee728b)  -> (artifact id: '01386ab84f9c0b0f950417f00799dc5a') in 0.960842 seconds
  Import took 0.963826 seconds .

========================================================================
Received Import Request.
  Time since last request: 1.514088 seconds.
  path: Assets/Externa_lAssets/VRWaterShader2/VRWaterShader(legacy)/Prefabs/WaterLarge-Night.prefab
  artifactKey: Guid(706c701bb37c6144da18b2a04a5abc6d) Importer(815301076,1909f56bfc062723c751e8b465ee728b)
Start importing Assets/Externa_lAssets/VRWaterShader2/VRWaterShader(legacy)/Prefabs/WaterLarge-Night.prefab using Guid(706c701bb37c6144da18b2a04a5abc6d) Importer(815301076,1909f56bfc062723c751e8b465ee728b)  -> (artifact id: '0950db220fc9818850356003a996d7c8') in 0.215586 seconds
  Import took 0.219441 seconds .

========================================================================
Received Import Request.
  Time since last request: 69.124065 seconds.
  path: Assets/Externa_lAssets/RPG Monster Wave Polyart/Materials/PolyArtMaskTint02.mat
  artifactKey: Guid(98a94172eea4b8c4dbb1114bafe7814a) Importer(815301076,1909f56bfc062723c751e8b465ee728b)
Start importing Assets/Externa_lAssets/RPG Monster Wave Polyart/Materials/PolyArtMaskTint02.mat using Guid(98a94172eea4b8c4dbb1114bafe7814a) Importer(815301076,1909f56bfc062723c751e8b465ee728b)  -> (artifact id: 'ce894f1fe267b54900de95feadf66da0') in 0.239769 seconds
  Import took 0.242542 seconds .

========================================================================
Received Import Request.
  Time since last request: 0.000300 seconds.
  path: Assets/Externa_lAssets/VRWaterShader2/VRWaterShader(legacy)/DemoScenes/Materials/River 1.mat
  artifactKey: Guid(285882d5b126e0748ab6e325338af51b) Importer(815301076,1909f56bfc062723c751e8b465ee728b)
Start importing Assets/Externa_lAssets/VRWaterShader2/VRWaterShader(legacy)/DemoScenes/Materials/River 1.mat using Guid(285882d5b126e0748ab6e325338af51b) Importer(815301076,1909f56bfc062723c751e8b465ee728b)  -> (artifact id: 'ff75ff4dab410b93458162ecac357b7d') in 0.652648 seconds
  Import took 0.673886 seconds .

========================================================================
Received Import Request.
  Time since last request: 0.000373 seconds.
  path: Assets/Externa_lAssets/VRWaterShader2/DemoScenes/Materials/Water-Fall.mat
  artifactKey: Guid(fe9e3b82908c0774584bc0e9aa3e2868) Importer(815301076,1909f56bfc062723c751e8b465ee728b)
Start importing Assets/Externa_lAssets/VRWaterShader2/DemoScenes/Materials/Water-Fall.mat using Guid(fe9e3b82908c0774584bc0e9aa3e2868) Importer(815301076,1909f56bfc062723c751e8b465ee728b)  -> (artifact id: '5aa4e9fb936fa33518b3b75373bb1f96') in 1.855618 seconds
  Import took 1.858496 seconds .

========================================================================
Received Import Request.
  Time since last request: 0.000408 seconds.
  path: Assets/Externa_lAssets/VRWaterShader2/VRWaterShader(legacy)/DemoScenes/Materials/RiverTerrain.mat
  artifactKey: Guid(84af3854e137991408a2ba44c4873f19) Importer(815301076,1909f56bfc062723c751e8b465ee728b)
Start importing Assets/Externa_lAssets/VRWaterShader2/VRWaterShader(legacy)/DemoScenes/Materials/RiverTerrain.mat using Guid(84af3854e137991408a2ba44c4873f19) Importer(815301076,1909f56bfc062723c751e8b465ee728b)  -> (artifact id: '00471146e64533dc6426f80490b8efbd') in 0.185275 seconds
  Import took 0.189449 seconds .

========================================================================
Received Import Request.
  Time since last request: 0.000371 seconds.
  path: Assets/Externa_lAssets/VRWaterShader2/DemoScenes/Materials/Water-SphereBlue(Emissive).mat
  artifactKey: Guid(c83d8eb4705961e488d8fd8c24679cef) Importer(815301076,1909f56bfc062723c751e8b465ee728b)
Start importing Assets/Externa_lAssets/VRWaterShader2/DemoScenes/Materials/Water-SphereBlue(Emissive).mat using Guid(c83d8eb4705961e488d8fd8c24679cef) Importer(815301076,1909f56bfc062723c751e8b465ee728b)  -> (artifact id: '536ea1c2ee2ba491c7d2e58732dc05e1') in 1.740185 seconds
  Import took 1.743678 seconds .

========================================================================
Received Import Request.
  Time since last request: 0.000381 seconds.
  path: Assets/Externa_lAssets/SpecialSkillsEffectsPack/Models/Materials/UAV_01_Texture.mat
  artifactKey: Guid(64e18c9bc14124f4ca592fc982d5a1a6) Importer(815301076,1909f56bfc062723c751e8b465ee728b)
Start importing Assets/Externa_lAssets/SpecialSkillsEffectsPack/Models/Materials/UAV_01_Texture.mat using Guid(64e18c9bc14124f4ca592fc982d5a1a6) Importer(815301076,1909f56bfc062723c751e8b465ee728b)  -> (artifact id: 'b7f731785ff068a6142390d8680d8c02') in 0.285181 seconds
  Import took 0.288303 seconds .

========================================================================
Received Import Request.
  Time since last request: 0.000362 seconds.
  path: Assets/Externa_lAssets/VRWaterShader2/VRWaterShader(legacy)/DemoScenes/Materials/River 2.mat
  artifactKey: Guid(e85eb5930b8df08469c2438f2e091bda) Importer(815301076,1909f56bfc062723c751e8b465ee728b)
Start importing Assets/Externa_lAssets/VRWaterShader2/VRWaterShader(legacy)/DemoScenes/Materials/River 2.mat using Guid(e85eb5930b8df08469c2438f2e091bda) Importer(815301076,1909f56bfc062723c751e8b465ee728b)  -> (artifact id: 'd097f3917b261aae6193114e15bc0dd7') in 0.173419 seconds
  Import took 0.177664 seconds .

========================================================================
Received Import Request.
  Time since last request: 0.000461 seconds.
  path: Assets/Externa_lAssets/RPG Monster Wave Polyart/Materials/Stage.mat
  artifactKey: Guid(809e1de97d0710c40a3770a01457172a) Importer(815301076,1909f56bfc062723c751e8b465ee728b)
Start importing Assets/Externa_lAssets/RPG Monster Wave Polyart/Materials/Stage.mat using Guid(809e1de97d0710c40a3770a01457172a) Importer(815301076,1909f56bfc062723c751e8b465ee728b)  -> (artifact id: '899668efdca90edb993659dac46967de') in 0.606610 seconds
  Import took 0.609258 seconds .

========================================================================
Received Import Request.
  Time since last request: 0.000576 seconds.
  path: Assets/Externa_lAssets/VRWaterShader2/DemoScenes/Materials/Water-LargeSea.mat
  artifactKey: Guid(201ce9f6fa0ee65478765592fb019988) Importer(815301076,1909f56bfc062723c751e8b465ee728b)
Start importing Assets/Externa_lAssets/VRWaterShader2/DemoScenes/Materials/Water-LargeSea.mat using Guid(201ce9f6fa0ee65478765592fb019988) Importer(815301076,1909f56bfc062723c751e8b465ee728b)  -> (artifact id: '0606a3dc30e6b89b115f5e4c7a010848') in 1.896949 seconds
  Import took 1.901053 seconds .

========================================================================
Received Import Request.
  Time since last request: 0.000317 seconds.
  path: Assets/Externa_lAssets/VRWaterShader2/DemoScenes/Materials/Water-MiddlePool.mat
  artifactKey: Guid(6afab45480f045241a1a2c82e98b63ca) Importer(815301076,1909f56bfc062723c751e8b465ee728b)
Start importing Assets/Externa_lAssets/VRWaterShader2/DemoScenes/Materials/Water-MiddlePool.mat using Guid(6afab45480f045241a1a2c82e98b63ca) Importer(815301076,1909f56bfc062723c751e8b465ee728b)  -> (artifact id: '85c8e030913e46b7cca00a1440fdb443') in 2.317365 seconds
  Import took 2.320472 seconds .

========================================================================
Received Import Request.
  Time since last request: 0.000452 seconds.
  path: Assets/Externa_lAssets/VRWaterShader2/VRWaterShader(legacy)/DemoScenes/Materials/Small.mat
  artifactKey: Guid(fd4e990800d00184d908c3f333f22098) Importer(815301076,1909f56bfc062723c751e8b465ee728b)
Start importing Assets/Externa_lAssets/VRWaterShader2/VRWaterShader(legacy)/DemoScenes/Materials/Small.mat using Guid(fd4e990800d00184d908c3f333f22098) Importer(815301076,1909f56bfc062723c751e8b465ee728b)  -> (artifact id: '0ff858b3db5d77f00b7803d329e2611a') in 0.540788 seconds
  Import took 0.566626 seconds .

========================================================================
Received Import Request.
  Time since last request: 0.000425 seconds.
  path: Assets/Externa_lAssets/VRWaterShader2/VRWaterShader(legacy)/DemoScenes/Materials/red.mat
  artifactKey: Guid(f253f984ee7c1a64cb760d77f002b233) Importer(815301076,1909f56bfc062723c751e8b465ee728b)
Start importing Assets/Externa_lAssets/VRWaterShader2/VRWaterShader(legacy)/DemoScenes/Materials/red.mat using Guid(f253f984ee7c1a64cb760d77f002b233) Importer(815301076,1909f56bfc062723c751e8b465ee728b)  -> (artifact id: '96f2a0a5e85a78dc1455547062c9bc9e') in 0.406932 seconds
  Import took 0.409658 seconds .

========================================================================
Received Import Request.
  Time since last request: 0.000421 seconds.
  path: Assets/Externa_lAssets/BOXOPHOBIC/Skybox Cubemap Extended/Demo/Materials/Skybox Cubemap Extended Night.mat
  artifactKey: Guid(cc421da483ed06c49933077a621bff25) Importer(815301076,1909f56bfc062723c751e8b465ee728b)
Start importing Assets/Externa_lAssets/BOXOPHOBIC/Skybox Cubemap Extended/Demo/Materials/Skybox Cubemap Extended Night.mat using Guid(cc421da483ed06c49933077a621bff25) Importer(815301076,1909f56bfc062723c751e8b465ee728b)  -> (artifact id: '721d121a6e1bf4545ba4fb7b7ee92aa4') in 0.940877 seconds
  Import took 0.966929 seconds .

========================================================================
Received Import Request.
  Time since last request: 0.000412 seconds.
  path: Assets/Externa_lAssets/VRWaterShader2/VRWaterShader(legacy)/DemoScenes/Materials/yellow.mat
  artifactKey: Guid(365f74e82c412604eb549956d943d8c5) Importer(815301076,1909f56bfc062723c751e8b465ee728b)
Start importing Assets/Externa_lAssets/VRWaterShader2/VRWaterShader(legacy)/DemoScenes/Materials/yellow.mat using Guid(365f74e82c412604eb549956d943d8c5) Importer(815301076,1909f56bfc062723c751e8b465ee728b)  -> (artifact id: 'bde387611130b87112c822eaaec1508d') in 0.385026 seconds
  Import took 0.389031 seconds .

========================================================================
Received Import Request.
  Time since last request: 0.000368 seconds.
  path: Assets/Externa_lAssets/VRWaterShader2/VRWaterShader(legacy)/DemoScenes/Materials/River.mat
  artifactKey: Guid(17579e0c03b73c046b1776cff8a106aa) Importer(815301076,1909f56bfc062723c751e8b465ee728b)
Start importing Assets/Externa_lAssets/VRWaterShader2/VRWaterShader(legacy)/DemoScenes/Materials/River.mat using Guid(17579e0c03b73c046b1776cff8a106aa) Importer(815301076,1909f56bfc062723c751e8b465ee728b)  -> (artifact id: 'e8e8ee7feb99d2432f01c82af9c80007') in 0.439304 seconds
  Import took 0.443148 seconds .

========================================================================
Received Import Request.
  Time since last request: 0.000376 seconds.
  path: Assets/Externa_lAssets/RPG Monster Wave Polyart/Materials/PolyArtMaskTint03.mat
  artifactKey: Guid(7f336122ad7984948853076941abf85e) Importer(815301076,1909f56bfc062723c751e8b465ee728b)
Start importing Assets/Externa_lAssets/RPG Monster Wave Polyart/Materials/PolyArtMaskTint03.mat using Guid(7f336122ad7984948853076941abf85e) Importer(815301076,1909f56bfc062723c751e8b465ee728b)  -> (artifact id: '688ceaf330ceafe17e681c5186b3f85e') in 0.607364 seconds
  Import took 0.610556 seconds .

========================================================================
Received Import Request.
  Time since last request: 0.000648 seconds.
  path: Assets/Externa_lAssets/Bitgem/Cube_World/_Materials/URP_Multicolor_Material/URP_multicolor_mat.mat
  artifactKey: Guid(3c97cba9b4ec1ee47a05d52dd40852b7) Importer(815301076,1909f56bfc062723c751e8b465ee728b)
Start importing Assets/Externa_lAssets/Bitgem/Cube_World/_Materials/URP_Multicolor_Material/URP_multicolor_mat.mat using Guid(3c97cba9b4ec1ee47a05d52dd40852b7) Importer(815301076,1909f56bfc062723c751e8b465ee728b)  -> (artifact id: '89015d506dc9ebe1d71c1f0f8b709555') in 0.262473 seconds
  Import took 0.265661 seconds .

========================================================================
Received Import Request.
  Time since last request: 0.000365 seconds.
  path: Assets/Externa_lAssets/VRWaterShader2/DemoScenes/Materials/Water-Flow.mat
  artifactKey: Guid(603306518ba9d2b469d1aaf9920d9e3b) Importer(815301076,1909f56bfc062723c751e8b465ee728b)
Start importing Assets/Externa_lAssets/VRWaterShader2/DemoScenes/Materials/Water-Flow.mat using Guid(603306518ba9d2b469d1aaf9920d9e3b) Importer(815301076,1909f56bfc062723c751e8b465ee728b)  -> (artifact id: 'd032b6d281378cf8925d75213c0aae0a') in 3.551978 seconds
  Import took 3.555827 seconds .

========================================================================
Received Import Request.
  Time since last request: 0.000432 seconds.
  path: Assets/Externa_lAssets/VRWaterShader2/DemoScenes/Materials/Water-SphereGreen.mat
  artifactKey: Guid(85c159f271e24cd41a592f8615d0e613) Importer(815301076,1909f56bfc062723c751e8b465ee728b)
Start importing Assets/Externa_lAssets/VRWaterShader2/DemoScenes/Materials/Water-SphereGreen.mat using Guid(85c159f271e24cd41a592f8615d0e613) Importer(815301076,1909f56bfc062723c751e8b465ee728b)  -> (artifact id: '5ffaa34e0252df6331d5d06eae034bb2') in 1.350514 seconds
  Import took 1.353946 seconds .

========================================================================
Received Import Request.
  Time since last request: 0.000411 seconds.
  path: Assets/Externa_lAssets/RPG Monster Wave Polyart/Materials/PolyArtMaskTint02.mat
  artifactKey: Guid(98a94172eea4b8c4dbb1114bafe7814a) Importer(815301076,1909f56bfc062723c751e8b465ee728b)
Start importing Assets/Externa_lAssets/RPG Monster Wave Polyart/Materials/PolyArtMaskTint02.mat using Guid(98a94172eea4b8c4dbb1114bafe7814a) Importer(815301076,1909f56bfc062723c751e8b465ee728b)  -> (artifact id: 'ce894f1fe267b54900de95feadf66da0') in 0.218173 seconds
  Import took 0.221051 seconds .

========================================================================
Received Import Request.
  Time since last request: 0.000311 seconds.
  path: Assets/Externa_lAssets/VRWaterShader2/VRWaterShader(legacy)/DemoScenes/Materials/Sphere.mat
  artifactKey: Guid(9274e16da0a699248a261b8bd1ffa0bd) Importer(815301076,1909f56bfc062723c751e8b465ee728b)
Start importing Assets/Externa_lAssets/VRWaterShader2/VRWaterShader(legacy)/DemoScenes/Materials/Sphere.mat using Guid(9274e16da0a699248a261b8bd1ffa0bd) Importer(815301076,1909f56bfc062723c751e8b465ee728b)  -> (artifact id: 'edfb25c32fe9c622f2398a1804e55a0a') in 1.441597 seconds
  Import took 1.458405 seconds .

========================================================================
Received Import Request.
  Time since last request: 0.000630 seconds.
  path: Assets/Externa_lAssets/BOXOPHOBIC/Skybox Cubemap Extended/Demo/Materials/Skybox Cubemap Extended Day.mat
  artifactKey: Guid(2bd8959f5fbd3644aa33af1a155fc147) Importer(815301076,1909f56bfc062723c751e8b465ee728b)
Start importing Assets/Externa_lAssets/BOXOPHOBIC/Skybox Cubemap Extended/Demo/Materials/Skybox Cubemap Extended Day.mat using Guid(2bd8959f5fbd3644aa33af1a155fc147) Importer(815301076,1909f56bfc062723c751e8b465ee728b)  -> (artifact id: '308ede4cc8e811ef9f1fd01465eeda3c') in 0.737828 seconds
  Import took 0.745036 seconds .

========================================================================
Received Import Request.
  Time since last request: 0.000381 seconds.
  path: Assets/Externa_lAssets/VRWaterShader2/DemoScenes/Materials/Water-SphereRed.mat
  artifactKey: Guid(31866812066d3f94ab453a3c6755b9a1) Importer(815301076,1909f56bfc062723c751e8b465ee728b)
Start importing Assets/Externa_lAssets/VRWaterShader2/DemoScenes/Materials/Water-SphereRed.mat using Guid(31866812066d3f94ab453a3c6755b9a1) Importer(815301076,1909f56bfc062723c751e8b465ee728b)  -> (artifact id: 'fa031a9912c681384ef3eadcd0f5239e') in 1.859192 seconds
  Import took 1.862634 seconds .

========================================================================
Received Import Request.
  Time since last request: 0.000538 seconds.
  path: Assets/Externa_lAssets/RPG Monster Wave Polyart/Materials/Skybox_Mat.mat
  artifactKey: Guid(06766a6624e8d6046be3a173082e5815) Importer(815301076,1909f56bfc062723c751e8b465ee728b)
Start importing Assets/Externa_lAssets/RPG Monster Wave Polyart/Materials/Skybox_Mat.mat using Guid(06766a6624e8d6046be3a173082e5815) Importer(815301076,1909f56bfc062723c751e8b465ee728b)  -> (artifact id: '7d5ec071be8dd44d2662c4e89a529155') in 0.495251 seconds
  Import took 0.517502 seconds .

========================================================================
Received Import Request.
  Time since last request: 0.000313 seconds.
  path: Assets/Externa_lAssets/RPG Monster Wave Polyart/Materials/PolyArtMaskTint01.mat
  artifactKey: Guid(797934232287e6b429183d99cbae3ced) Importer(815301076,1909f56bfc062723c751e8b465ee728b)
Start importing Assets/Externa_lAssets/RPG Monster Wave Polyart/Materials/PolyArtMaskTint01.mat using Guid(797934232287e6b429183d99cbae3ced) Importer(815301076,1909f56bfc062723c751e8b465ee728b)  -> (artifact id: '0c31eea34038c75a133423fe74ef5a4d') in 0.254756 seconds
  Import took 0.276011 seconds .

========================================================================
Received Import Request.
  Time since last request: 0.000368 seconds.
  path: Assets/Externa_lAssets/VRWaterShader2/DemoScenes/Materials/Water-LargeSea 1.mat
  artifactKey: Guid(d7f14e99d557e124ea90e8c15475ec47) Importer(815301076,1909f56bfc062723c751e8b465ee728b)
Start importing Assets/Externa_lAssets/VRWaterShader2/DemoScenes/Materials/Water-LargeSea 1.mat using Guid(d7f14e99d557e124ea90e8c15475ec47) Importer(815301076,1909f56bfc062723c751e8b465ee728b)  -> (artifact id: 'ea4e552555070da9d9983808704b5214') in 3.112191 seconds
  Import took 3.115353 seconds .

========================================================================
Received Prepare
Registering precompiled user dll's ...
Registered in 0.001005 seconds.
Begin MonoManager ReloadAssembly
Native extension for WindowsStandalone target not found
Native extension for WebGL target not found
Refreshing native plugins compatible for Editor in 0.52 ms, found 0 plugins.
Preloading 0 native plugins for Editor in 0.00 ms.
Invoked RoslynAnalysisRunner static constructor.
RoslynAnalysisRunner will not be running.
RoslynAnalysisRunner has terminated.
Mono: successfully reloaded assembly
- Completed reload, in  0.651 seconds
Platform modules already initialized, skipping
Refreshing native plugins compatible for Editor in 0.52 ms, found 0 plugins.
Preloading 0 native plugins for Editor in 0.00 ms.
Unloading 1187 Unused Serialized files (Serialized files now loaded: 0)
System memory in use before: 86.0 MB.
System memory in use after: 84.3 MB.

Unloading 10 unused Assets to reduce memory usage. Loaded Objects now: 1749.
Total: 3.948400 ms (FindLiveObjects: 0.462800 ms CreateObjectMapping: 0.108500 ms MarkObjects: 2.190200 ms  DeleteObjects: 1.184900 ms)

========================================================================
Received Prepare
Registering precompiled user dll's ...
Registered in 0.000910 seconds.
Begin MonoManager ReloadAssembly
Native extension for WindowsStandalone target not found
Native extension for WebGL target not found
Refreshing native plugins compatible for Editor in 0.51 ms, found 0 plugins.
Preloading 0 native plugins for Editor in 0.00 ms.
Invoked RoslynAnalysisRunner static constructor.
RoslynAnalysisRunner will not be running.
RoslynAnalysisRunner has terminated.
Mono: successfully reloaded assembly
- Completed reload, in  0.660 seconds
Platform modules already initialized, skipping
Refreshing native plugins compatible for Editor in 0.51 ms, found 0 plugins.
Preloading 0 native plugins for Editor in 0.00 ms.
Unloading 1182 Unused Serialized files (Serialized files now loaded: 0)
System memory in use before: 85.6 MB.
System memory in use after: 83.9 MB.

Unloading 10 unused Assets to reduce memory usage. Loaded Objects now: 1752.
Total: 3.731300 ms (FindLiveObjects: 0.180300 ms CreateObjectMapping: 0.032800 ms MarkObjects: 2.298900 ms  DeleteObjects: 1.217600 ms)

