Using pre-set license
Built from '2020.3/release' branch; Version is '2020.3.1f1 (77a89f25062f) revision 7841951'; Using compiler version '192528614'; Build Type 'Release'
OS: 'Windows 10 Home Single Language; OS build 19041.928; Version 2004; 64bit' Language: 'es' Physical Memory: 15789 MB
BatchMode: 1, IsHumanControllingUs: 0, StartBugReporterOnCrash: 0, Is64bit: 1, IsPro: 0

 COMMAND LINE ARGUMENTS:
C:\Program Files\Unity\Hub\Editor\2020.3.1f1\Editor\Unity.exe
-adb2
-batchMode
-noUpm
-name
AssetImportWorker1
-projectPath
D:/Desarrollos/Unity/Flappy Bird - Clone
-logFile
Logs/AssetImportWorker1.log
-srvPort
63812
Successfully changed project path to: D:/Desarrollos/Unity/Flappy Bird - Clone
D:/Desarrollos/Unity/Flappy Bird - Clone
Using Asset Import Pipeline V2.
Refreshing native plugins compatible for Editor in 43.01 ms, found 0 plugins.
Preloading 0 native plugins for Editor in 0.00 ms.
Initialize engine version: 2020.3.1f1 (77a89f25062f)
[Subsystems] Discovering subsystems at path C:/Program Files/Unity/Hub/Editor/2020.3.1f1/Editor/Data/Resources/UnitySubsystems
[Subsystems] Discovering subsystems at path D:/Desarrollos/Unity/Flappy Bird - Clone/Assets
GfxDevice: creating device client; threaded=0
Direct3D:
    Version:  Direct3D 11.0 [level 11.1]
    Renderer: NVIDIA GeForce GTX 1660 Ti (ID=0x2191)
    Vendor:   
    VRAM:     5991 MB
    Driver:   27.21.14.6192
Initialize mono
Mono path[0] = 'C:/Program Files/Unity/Hub/Editor/2020.3.1f1/Editor/Data/Managed'
Mono path[1] = 'C:/Program Files/Unity/Hub/Editor/2020.3.1f1/Editor/Data/MonoBleedingEdge/lib/mono/unityjit'
Mono config path = 'C:/Program Files/Unity/Hub/Editor/2020.3.1f1/Editor/Data/MonoBleedingEdge/etc'
Using monoOptions --debugger-agent=transport=dt_socket,embedding=1,server=y,suspend=n,address=127.0.0.1:56752
Begin MonoManager ReloadAssembly
Registering precompiled unity dll's ...
Register platform support module: C:/Program Files/Unity/Hub/Editor/2020.3.1f1/Editor/Data/PlaybackEngines/WebGLSupport/UnityEditor.WebGL.Extensions.dll
Register platform support module: C:/Program Files/Unity/Hub/Editor/2020.3.1f1/Editor/Data/PlaybackEngines/WindowsStandaloneSupport/UnityEditor.WindowsStandalone.Extensions.dll
Registered in 0.002587 seconds.
Native extension for WindowsStandalone target not found
Native extension for WebGL target not found
Refreshing native plugins compatible for Editor in 44.76 ms, found 0 plugins.
Preloading 0 native plugins for Editor in 0.00 ms.
Invoked RoslynAnalysisRunner static constructor.
RoslynAnalysisRunner will not be running.
RoslynAnalysisRunner has terminated.
Mono: successfully reloaded assembly
- Completed reload, in  4.778 seconds
Platform modules already initialized, skipping
Registering precompiled user dll's ...
Registered in 0.000923 seconds.
Begin MonoManager ReloadAssembly
Native extension for WindowsStandalone target not found
Native extension for WebGL target not found
Refreshing native plugins compatible for Editor in 0.54 ms, found 0 plugins.
Preloading 0 native plugins for Editor in 0.00 ms.
Invoked RoslynAnalysisRunner static constructor.
RoslynAnalysisRunner will not be running.
RoslynAnalysisRunner has terminated.
Mono: successfully reloaded assembly
- Completed reload, in  0.700 seconds
Platform modules already initialized, skipping
========================================================================
Worker process is ready to serve import requests
Launched and connected shader compiler UnityShaderCompiler.exe after 0.07 seconds
Refreshing native plugins compatible for Editor in 0.65 ms, found 0 plugins.
Preloading 0 native plugins for Editor in 0.00 ms.
Unloading 1214 Unused Serialized files (Serialized files now loaded: 0)
System memory in use before: 69.0 MB.
System memory in use after: 69.1 MB.

Unloading 10 unused Assets to reduce memory usage. Loaded Objects now: 1660.
Total: 2.392500 ms (FindLiveObjects: 0.479000 ms CreateObjectMapping: 0.087700 ms MarkObjects: 1.723700 ms  DeleteObjects: 0.099300 ms)

========================================================================
Received Import Request.
  path: Assets/Prefabs/InGameCanvas.prefab
  artifactKey: Guid(753402a44e9568f418ef84c9990734f8) Importer(815301076,1909f56bfc062723c751e8b465ee728b)
Start importing Assets/Prefabs/InGameCanvas.prefab using Guid(753402a44e9568f418ef84c9990734f8) Importer(815301076,1909f56bfc062723c751e8b465ee728b)  -> (artifact id: '2e2503da35ccdb04d315aa816f05744a') in 0.387960 seconds
  Import took 0.391194 seconds .

========================================================================
Received Import Request.
  Time since last request: 0.000680 seconds.
  path: Assets/Prefabs/Platforms/BaseGround (1).prefab
  artifactKey: Guid(6449c96e05d079148afec22584b2dbdd) Importer(815301076,1909f56bfc062723c751e8b465ee728b)
Start importing Assets/Prefabs/Platforms/BaseGround (1).prefab using Guid(6449c96e05d079148afec22584b2dbdd) Importer(815301076,1909f56bfc062723c751e8b465ee728b)  -> (artifact id: 'd47468e2f85063481fea4580cfa898d6') in 0.574738 seconds
  Import took 0.578054 seconds .

========================================================================
Received Import Request.
  Time since last request: 1.009902 seconds.
  path: ProjectSettings/TagManager.asset
  artifactKey: Guid(00000000000000003000000000000000) Importer(815301076,1909f56bfc062723c751e8b465ee728b)
Start importing ProjectSettings/TagManager.asset using Guid(00000000000000003000000000000000) Importer(815301076,1909f56bfc062723c751e8b465ee728b)  -> (artifact id: 'fe188468d5137eb08aa4f4d8a9f8fbcb') in 0.107583 seconds
  Import took 0.111514 seconds .

========================================================================
Received Import Request.
  Time since last request: 39.362395 seconds.
  path: Assets/Prefabs/Platforms/BaseGround (1).prefab
  artifactKey: Guid(6449c96e05d079148afec22584b2dbdd) Importer(815301076,1909f56bfc062723c751e8b465ee728b)
Start importing Assets/Prefabs/Platforms/BaseGround (1).prefab using Guid(6449c96e05d079148afec22584b2dbdd) Importer(815301076,1909f56bfc062723c751e8b465ee728b)  -> (artifact id: '87a6d5326a8b6bff59e48db6931669f5') in 0.178683 seconds
  Import took 0.182815 seconds .

========================================================================
Received Import Request.
  Time since last request: 4.634581 seconds.
  path: Assets/Prefabs/Platforms/BaseGround (1) 1.prefab
  artifactKey: Guid(6710377ca422b5f48a932327f84278c7) Importer(815301076,1909f56bfc062723c751e8b465ee728b)
Start importing Assets/Prefabs/Platforms/BaseGround (1) 1.prefab using Guid(6710377ca422b5f48a932327f84278c7) Importer(815301076,1909f56bfc062723c751e8b465ee728b)  -> (artifact id: '04e1ede9ebee5e6f3b903eeed6697960') in 0.205921 seconds
  Import took 0.210684 seconds .

========================================================================
Received Import Request.
  Time since last request: 7.745003 seconds.
  path: Assets/Prefabs/Platforms/BaseGround (2).prefab
  artifactKey: Guid(6710377ca422b5f48a932327f84278c7) Importer(815301076,1909f56bfc062723c751e8b465ee728b)
Start importing Assets/Prefabs/Platforms/BaseGround (2).prefab using Guid(6710377ca422b5f48a932327f84278c7) Importer(815301076,1909f56bfc062723c751e8b465ee728b)  -> (artifact id: 'd8a4684aec3c4bc70c9c83e27c6dd2d8') in 0.261383 seconds
  Import took 0.265831 seconds .

========================================================================
Received Import Request.
  Time since last request: 95.546162 seconds.
  path: Assets/Prefabs/Platforms/BaseGround (1).prefab
  artifactKey: Guid(6449c96e05d079148afec22584b2dbdd) Importer(815301076,1909f56bfc062723c751e8b465ee728b)
Start importing Assets/Prefabs/Platforms/BaseGround (1).prefab using Guid(6449c96e05d079148afec22584b2dbdd) Importer(815301076,1909f56bfc062723c751e8b465ee728b)  -> (artifact id: '682329fba8c0361fbf20aa159a05a66b') in 0.193619 seconds
  Import took 0.215114 seconds .

========================================================================
Received Import Request.
  Time since last request: 18.883623 seconds.
  path: Assets/Prefabs/Platforms/BaseGround (1) 1.prefab
  artifactKey: Guid(72053aea6b0f2944183f24836132d241) Importer(815301076,1909f56bfc062723c751e8b465ee728b)
Start importing Assets/Prefabs/Platforms/BaseGround (1) 1.prefab using Guid(72053aea6b0f2944183f24836132d241) Importer(815301076,1909f56bfc062723c751e8b465ee728b)  -> (artifact id: '0f938189c4e3d55e1a883034d8a13b66') in 0.183794 seconds
  Import took 0.188548 seconds .

========================================================================
Received Prepare
Registering precompiled user dll's ...
Registered in 0.000989 seconds.
Begin MonoManager ReloadAssembly
Native extension for WindowsStandalone target not found
Native extension for WebGL target not found
Refreshing native plugins compatible for Editor in 0.51 ms, found 0 plugins.
Preloading 0 native plugins for Editor in 0.00 ms.
Invoked RoslynAnalysisRunner static constructor.
RoslynAnalysisRunner will not be running.
RoslynAnalysisRunner has terminated.
Mono: successfully reloaded assembly
- Completed reload, in  0.643 seconds
Platform modules already initialized, skipping
Refreshing native plugins compatible for Editor in 0.51 ms, found 0 plugins.
Preloading 0 native plugins for Editor in 0.00 ms.
Unloading 1182 Unused Serialized files (Serialized files now loaded: 0)
System memory in use before: 70.4 MB.
System memory in use after: 70.5 MB.

Unloading 8 unused Assets to reduce memory usage. Loaded Objects now: 1670.
Total: 2.182200 ms (FindLiveObjects: 0.325400 ms CreateObjectMapping: 0.079400 ms MarkObjects: 1.701700 ms  DeleteObjects: 0.074200 ms)

========================================================================
Received Import Request.
  Time since last request: 39.703579 seconds.
  path: Assets/Externa_lAssets/Bitgem/Cube_World/Ground/Source/grass_deco_1.fbx
  artifactKey: Guid(ae0a03ed064bcbe4681e0fbb65965af0) Importer(815301076,1909f56bfc062723c751e8b465ee728b)
Start importing Assets/Externa_lAssets/Bitgem/Cube_World/Ground/Source/grass_deco_1.fbx using Guid(ae0a03ed064bcbe4681e0fbb65965af0) Importer(815301076,1909f56bfc062723c751e8b465ee728b)  -> (artifact id: '4d9aabbefdb299244e4a6d5d7fbe85eb') in 0.336283 seconds
  Import took 0.340431 seconds .

========================================================================
Received Import Request.
  Time since last request: 0.000655 seconds.
  path: Assets/Externa_lAssets/Bitgem/Cube_World/Ground/Source/ground_cube.fbx
  artifactKey: Guid(ee85d6d651ae95340a1b3e442a215185) Importer(815301076,1909f56bfc062723c751e8b465ee728b)
Start importing Assets/Externa_lAssets/Bitgem/Cube_World/Ground/Source/ground_cube.fbx using Guid(ee85d6d651ae95340a1b3e442a215185) Importer(815301076,1909f56bfc062723c751e8b465ee728b)  -> (artifact id: 'cbb772138cd3921bd319e824491f904f') in 0.207271 seconds
  Import took 0.209669 seconds .

========================================================================
Received Import Request.
  Time since last request: 0.000519 seconds.
  path: Assets/Externa_lAssets/Bitgem/Cube_World/Ground/Source/grass_deco_2.fbx
  artifactKey: Guid(43a5311f8fcc3f24ead2d1b970168dbe) Importer(815301076,1909f56bfc062723c751e8b465ee728b)
Start importing Assets/Externa_lAssets/Bitgem/Cube_World/Ground/Source/grass_deco_2.fbx using Guid(43a5311f8fcc3f24ead2d1b970168dbe) Importer(815301076,1909f56bfc062723c751e8b465ee728b)  -> (artifact id: '93ae7762049d2fbdf50d24d763c65613') in 0.206540 seconds
  Import took 0.210534 seconds .

========================================================================
Received Import Request.
  Time since last request: 0.000621 seconds.
  path: Assets/Externa_lAssets/Bitgem/Cube_World/Ground/Source/ground_cube_grass.fbx
  artifactKey: Guid(54eb5bf413a32cd429c34f91df363eb6) Importer(815301076,1909f56bfc062723c751e8b465ee728b)
Start importing Assets/Externa_lAssets/Bitgem/Cube_World/Ground/Source/ground_cube_grass.fbx using Guid(54eb5bf413a32cd429c34f91df363eb6) Importer(815301076,1909f56bfc062723c751e8b465ee728b)  -> (artifact id: 'fa91841707ba67e35ebae6ababbf1259') in 0.229685 seconds
  Import took 0.232738 seconds .

========================================================================
Received Import Request.
  Time since last request: 0.000604 seconds.
  path: Assets/Externa_lAssets/Bitgem/Cube_World/Ground/Source/grass_deco_3.fbx
  artifactKey: Guid(bbf64894fb62d2a4aa2f7e58da896921) Importer(815301076,1909f56bfc062723c751e8b465ee728b)
Start importing Assets/Externa_lAssets/Bitgem/Cube_World/Ground/Source/grass_deco_3.fbx using Guid(bbf64894fb62d2a4aa2f7e58da896921) Importer(815301076,1909f56bfc062723c751e8b465ee728b)  -> (artifact id: '2565a06522da5d6588de2aa7124a937e') in 0.252103 seconds
  Import took 0.254519 seconds .

========================================================================
Received Import Request.
  Time since last request: 165.631547 seconds.
  path: Assets/Prefabs/Platforms/BaseGround (1).prefab
  artifactKey: Guid(6449c96e05d079148afec22584b2dbdd) Importer(815301076,1909f56bfc062723c751e8b465ee728b)
Start importing Assets/Prefabs/Platforms/BaseGround (1).prefab using Guid(6449c96e05d079148afec22584b2dbdd) Importer(815301076,1909f56bfc062723c751e8b465ee728b)  -> (artifact id: '90f2e1ff3c734240f82f9ac1b1b069f6') in 0.199368 seconds
  Import took 0.204618 seconds .

========================================================================
Received Import Request.
  Time since last request: 1.868002 seconds.
  path: Assets/Prefabs/Platforms/BaseGround (1) 1.prefab
  artifactKey: Guid(15582c17c89d60f47a1cf1dd0489b022) Importer(815301076,1909f56bfc062723c751e8b465ee728b)
Start importing Assets/Prefabs/Platforms/BaseGround (1) 1.prefab using Guid(15582c17c89d60f47a1cf1dd0489b022) Importer(815301076,1909f56bfc062723c751e8b465ee728b)  -> (artifact id: 'cb462d06db340c75fcf67bdda940fcb0') in 0.160208 seconds
  Import took 0.165365 seconds .

========================================================================
Received Import Request.
  Time since last request: 5.181242 seconds.
  path: Assets/Prefabs/Platforms/BaseGround (2).prefab
  artifactKey: Guid(15582c17c89d60f47a1cf1dd0489b022) Importer(815301076,1909f56bfc062723c751e8b465ee728b)
Start importing Assets/Prefabs/Platforms/BaseGround (2).prefab using Guid(15582c17c89d60f47a1cf1dd0489b022) Importer(815301076,1909f56bfc062723c751e8b465ee728b)  -> (artifact id: '607fcc6d52d82417042a5b6d8ccaa59f') in 0.190854 seconds
  Import took 0.196129 seconds .

========================================================================
Received Import Request.
  Time since last request: 127.713090 seconds.
  path: Assets/Prefabs/Platforms/BaseGround (2).prefab
  artifactKey: Guid(15582c17c89d60f47a1cf1dd0489b022) Importer(815301076,1909f56bfc062723c751e8b465ee728b)
Start importing Assets/Prefabs/Platforms/BaseGround (2).prefab using Guid(15582c17c89d60f47a1cf1dd0489b022) Importer(815301076,1909f56bfc062723c751e8b465ee728b)  -> (artifact id: '4368a9fb1eed3968981ca5462366adbd') in 0.183710 seconds
  Import took 0.188264 seconds .

========================================================================
Received Prepare
Registering precompiled user dll's ...
Registered in 0.001025 seconds.
Begin MonoManager ReloadAssembly
Native extension for WindowsStandalone target not found
Native extension for WebGL target not found
Refreshing native plugins compatible for Editor in 0.54 ms, found 0 plugins.
Preloading 0 native plugins for Editor in 0.00 ms.
Invoked RoslynAnalysisRunner static constructor.
RoslynAnalysisRunner will not be running.
RoslynAnalysisRunner has terminated.
Mono: successfully reloaded assembly
- Completed reload, in  0.648 seconds
Platform modules already initialized, skipping
Refreshing native plugins compatible for Editor in 0.58 ms, found 0 plugins.
Preloading 0 native plugins for Editor in 0.00 ms.
Unloading 1182 Unused Serialized files (Serialized files now loaded: 0)
System memory in use before: 71.7 MB.
System memory in use after: 71.7 MB.

Unloading 5 unused Assets to reduce memory usage. Loaded Objects now: 1677.
Total: 2.272000 ms (FindLiveObjects: 0.421400 ms CreateObjectMapping: 0.070500 ms MarkObjects: 1.694800 ms  DeleteObjects: 0.083400 ms)

========================================================================
Received Import Request.
  Time since last request: 76.462559 seconds.
  path: Assets/Prefabs/Platforms/BaseGround (2).prefab
  artifactKey: Guid(15582c17c89d60f47a1cf1dd0489b022) Importer(815301076,1909f56bfc062723c751e8b465ee728b)
Start importing Assets/Prefabs/Platforms/BaseGround (2).prefab using Guid(15582c17c89d60f47a1cf1dd0489b022) Importer(815301076,1909f56bfc062723c751e8b465ee728b)  -> (artifact id: '5b77347ec406cfba26fffc43ba8d4f8e') in 0.209916 seconds
  Import took 0.215636 seconds .

========================================================================
Received Import Request.
  Time since last request: 90.539755 seconds.
  path: Assets/Prefabs/Platforms/BaseGround (2).prefab
  artifactKey: Guid(15582c17c89d60f47a1cf1dd0489b022) Importer(815301076,1909f56bfc062723c751e8b465ee728b)
Start importing Assets/Prefabs/Platforms/BaseGround (2).prefab using Guid(15582c17c89d60f47a1cf1dd0489b022) Importer(815301076,1909f56bfc062723c751e8b465ee728b)  -> (artifact id: 'e501bf38e2067a5dc2befd4bfbade273') in 0.178066 seconds
  Import took 0.182515 seconds .

========================================================================
Received Import Request.
  Time since last request: 34.076765 seconds.
  path: Assets/Prefabs/Platforms/BaseGround (1).prefab
  artifactKey: Guid(6449c96e05d079148afec22584b2dbdd) Importer(815301076,1909f56bfc062723c751e8b465ee728b)
Start importing Assets/Prefabs/Platforms/BaseGround (1).prefab using Guid(6449c96e05d079148afec22584b2dbdd) Importer(815301076,1909f56bfc062723c751e8b465ee728b)  -> (artifact id: 'a2dee71bc01e728017caf6af6f84bbd6') in 0.207718 seconds
  Import took 0.211914 seconds .

========================================================================
Received Import Request.
  Time since last request: 6.688547 seconds.
  path: Assets/Prefabs/Platforms/BaseGround (1) 1.prefab
  artifactKey: Guid(828972aff3a98964c805cfcdb8a3f4cb) Importer(815301076,1909f56bfc062723c751e8b465ee728b)
Start importing Assets/Prefabs/Platforms/BaseGround (1) 1.prefab using Guid(828972aff3a98964c805cfcdb8a3f4cb) Importer(815301076,1909f56bfc062723c751e8b465ee728b)  -> (artifact id: '9fa8fba5d1f65ef5ea2c58e14282e4ce') in 0.250618 seconds
  Import took 0.256272 seconds .

========================================================================
Received Import Request.
  Time since last request: 6.768008 seconds.
  path: Assets/Prefabs/Platforms/BaseGround (3).prefab
  artifactKey: Guid(828972aff3a98964c805cfcdb8a3f4cb) Importer(815301076,1909f56bfc062723c751e8b465ee728b)
Start importing Assets/Prefabs/Platforms/BaseGround (3).prefab using Guid(828972aff3a98964c805cfcdb8a3f4cb) Importer(815301076,1909f56bfc062723c751e8b465ee728b)  -> (artifact id: 'efa5fddcce9f3eebf0ab6d115bc4a468') in 0.282366 seconds
  Import took 0.287091 seconds .

========================================================================
Received Import Request.
  Time since last request: 250.813980 seconds.
  path: Assets/Prefabs/Platforms/BaseGround (3).prefab
  artifactKey: Guid(828972aff3a98964c805cfcdb8a3f4cb) Importer(815301076,1909f56bfc062723c751e8b465ee728b)
Start importing Assets/Prefabs/Platforms/BaseGround (3).prefab using Guid(828972aff3a98964c805cfcdb8a3f4cb) Importer(815301076,1909f56bfc062723c751e8b465ee728b)  -> (artifact id: 'e553eaeedb0f1292fe6cd3fe494c329c') in 0.224718 seconds
  Import took 0.231044 seconds .

========================================================================
Received Import Request.
  Time since last request: 3.046586 seconds.
  path: Assets/Prefabs/Platforms/BaseGround (1) 1.prefab
  artifactKey: Guid(3af0d236adca7ad4eb5c28e9f1da9c71) Importer(815301076,1909f56bfc062723c751e8b465ee728b)
Start importing Assets/Prefabs/Platforms/BaseGround (1) 1.prefab using Guid(3af0d236adca7ad4eb5c28e9f1da9c71) Importer(815301076,1909f56bfc062723c751e8b465ee728b)  -> (artifact id: 'e527ce09d04ba54e9f1fa90927fbc876') in 0.169387 seconds
  Import took 0.174344 seconds .

========================================================================
Received Import Request.
  Time since last request: 6.252649 seconds.
  path: Assets/Prefabs/Platforms/BaseGround (4).prefab
  artifactKey: Guid(3af0d236adca7ad4eb5c28e9f1da9c71) Importer(815301076,1909f56bfc062723c751e8b465ee728b)
Start importing Assets/Prefabs/Platforms/BaseGround (4).prefab using Guid(3af0d236adca7ad4eb5c28e9f1da9c71) Importer(815301076,1909f56bfc062723c751e8b465ee728b)  -> (artifact id: 'f136253c18edb5d18c36118a396e1c8b') in 0.209464 seconds
  Import took 0.214249 seconds .

========================================================================
Received Import Request.
  Time since last request: 171.088439 seconds.
  path: Assets/Prefabs/Platforms/BaseGround (4).prefab
  artifactKey: Guid(3af0d236adca7ad4eb5c28e9f1da9c71) Importer(815301076,1909f56bfc062723c751e8b465ee728b)
Start importing Assets/Prefabs/Platforms/BaseGround (4).prefab using Guid(3af0d236adca7ad4eb5c28e9f1da9c71) Importer(815301076,1909f56bfc062723c751e8b465ee728b)  -> (artifact id: '610ec26131987263078619df8e008790') in 0.185932 seconds
  Import took 0.191370 seconds .

========================================================================
Received Import Request.
  Time since last request: 99.864542 seconds.
  path: Assets/Prefabs/Platforms/BaseGround (4).prefab
  artifactKey: Guid(3af0d236adca7ad4eb5c28e9f1da9c71) Importer(815301076,1909f56bfc062723c751e8b465ee728b)
Start importing Assets/Prefabs/Platforms/BaseGround (4).prefab using Guid(3af0d236adca7ad4eb5c28e9f1da9c71) Importer(815301076,1909f56bfc062723c751e8b465ee728b)  -> (artifact id: 'f06573637088b849efdfecaf163be15e') in 0.186138 seconds
  Import took 0.191774 seconds .

========================================================================
Received Prepare
Registering precompiled user dll's ...
Registered in 0.000907 seconds.
Begin MonoManager ReloadAssembly
Native extension for WindowsStandalone target not found
Native extension for WebGL target not found
Refreshing native plugins compatible for Editor in 0.71 ms, found 0 plugins.
Preloading 0 native plugins for Editor in 0.00 ms.
Invoked RoslynAnalysisRunner static constructor.
RoslynAnalysisRunner will not be running.
RoslynAnalysisRunner has terminated.
Mono: successfully reloaded assembly
- Completed reload, in  0.662 seconds
Platform modules already initialized, skipping
Refreshing native plugins compatible for Editor in 0.52 ms, found 0 plugins.
Preloading 0 native plugins for Editor in 0.00 ms.
Unloading 1182 Unused Serialized files (Serialized files now loaded: 0)
System memory in use before: 72.4 MB.
System memory in use after: 72.5 MB.

Unloading 5 unused Assets to reduce memory usage. Loaded Objects now: 1681.
Total: 1.616400 ms (FindLiveObjects: 0.161600 ms CreateObjectMapping: 0.035700 ms MarkObjects: 1.346800 ms  DeleteObjects: 0.071500 ms)

========================================================================
Received Import Request.
  Time since last request: 283.618847 seconds.
  path: Assets/Prefabs/Platforms/BaseGround (1) 1.prefab
  artifactKey: Guid(3369bdd5bb7a82442b2e3dc3a3f57e2c) Importer(815301076,1909f56bfc062723c751e8b465ee728b)
Start importing Assets/Prefabs/Platforms/BaseGround (1) 1.prefab using Guid(3369bdd5bb7a82442b2e3dc3a3f57e2c) Importer(815301076,1909f56bfc062723c751e8b465ee728b)  -> (artifact id: '0eb9bf1a0a181f1f9b1d475efe01f12e') in 0.226900 seconds
  Import took 0.232736 seconds .

========================================================================
Received Import Request.
  Time since last request: 4.650052 seconds.
  path: Assets/Prefabs/Platforms/BaseGround (5).prefab
  artifactKey: Guid(3369bdd5bb7a82442b2e3dc3a3f57e2c) Importer(815301076,1909f56bfc062723c751e8b465ee728b)
Start importing Assets/Prefabs/Platforms/BaseGround (5).prefab using Guid(3369bdd5bb7a82442b2e3dc3a3f57e2c) Importer(815301076,1909f56bfc062723c751e8b465ee728b)  -> (artifact id: '4ee799cc15b800beb5bbffe7552556ac') in 0.199805 seconds
  Import took 0.204717 seconds .

========================================================================
Received Import Request.
  Time since last request: 301.696198 seconds.
  path: Assets/Prefabs/Platforms/BaseGround (5).prefab
  artifactKey: Guid(3369bdd5bb7a82442b2e3dc3a3f57e2c) Importer(815301076,1909f56bfc062723c751e8b465ee728b)
Start importing Assets/Prefabs/Platforms/BaseGround (5).prefab using Guid(3369bdd5bb7a82442b2e3dc3a3f57e2c) Importer(815301076,1909f56bfc062723c751e8b465ee728b)  -> (artifact id: '92b9c9033efe4314178f1d954394fe8c') in 0.252594 seconds
  Import took 0.259063 seconds .

========================================================================
Received Import Request.
  Time since last request: 25.454732 seconds.
  path: Assets/Prefabs/GroundSpawner.prefab
  artifactKey: Guid(f2ed7e2c123557744889931283a4c695) Importer(815301076,1909f56bfc062723c751e8b465ee728b)
Start importing Assets/Prefabs/GroundSpawner.prefab using Guid(f2ed7e2c123557744889931283a4c695) Importer(815301076,1909f56bfc062723c751e8b465ee728b)  -> (artifact id: '03f83859e948d07abe37a62ff40e94d8') in 0.217249 seconds
  Import took 0.230076 seconds .

========================================================================
Received Import Request.
  Time since last request: 5.533423 seconds.
  path: Assets/Prefabs/GameManager.prefab
  artifactKey: Guid(3ce5e6d167e73034ca2c428db693e9bb) Importer(815301076,1909f56bfc062723c751e8b465ee728b)
Start importing Assets/Prefabs/GameManager.prefab using Guid(3ce5e6d167e73034ca2c428db693e9bb) Importer(815301076,1909f56bfc062723c751e8b465ee728b)  -> (artifact id: '97dc92a254a97f097eb6c6020918b855') in 0.097438 seconds
  Import took 0.100949 seconds .

========================================================================
Received Import Request.
  Time since last request: 17.889532 seconds.
  path: Assets/Prefabs/CoreGameObjects
  artifactKey: Guid(c4d053d7da09d8a4eb3ff0fb8a730f77) Importer(815301076,1909f56bfc062723c751e8b465ee728b)
Start importing Assets/Prefabs/CoreGameObjects using Guid(c4d053d7da09d8a4eb3ff0fb8a730f77) Importer(815301076,1909f56bfc062723c751e8b465ee728b)  -> (artifact id: 'c2533167e9e98381fb1337b49eb6b76e') in 0.106890 seconds
  Import took 0.110058 seconds .

